WARNING:cellpose.dynamics:WARNING: no mask pixels found
CRITICAL:cellpose.transforms:ERROR: two channels not specified
WARNING:cellpose.dynamics:WARNING: no mask pixels found
WARNING:cellpose.dynamics:WARNING: no mask pixels found
WARNING:cellpose.dynamics:WARNING: no mask pixels found
WARNING:cellpose.dynamics:WARNING: no mask pixels found
WARNING:cellpose.dynamics:WARNING: no mask pixels found
WARNING:cellpose.dynamics:WARNING: no mask pixels found
WARNING:cellpose.dynamics:WARNING: no mask pixels found
WARNING:cellpose.dynamics:WARNING: no mask pixels found
WARNING:cellpose.dynamics:WARNING: no mask pixels found
WARNING:cellpose.dynamics:WARNING: no mask pixels found
WARNING:cellpose.dynamics:WARNING: no mask pixels found
WARNING:cellpose.dynamics:WARNING: no mask pixels found
WARNING:cellpose.dynamics:WARNING: no mask pixels found
WARNING:cellpose.dynamics:WARNING: no mask pixels found
WARNING:cellpose.dynamics:WARNING: no mask pixels found
WARNING:cellpose.dynamics:WARNING: no mask pixels found
WARNING:cellpose.dynamics:WARNING: no mask pixels found
WARNING:cellpose.dynamics:WARNING: no mask pixels found
WARNING:cellpose.dynamics:WARNING: no mask pixels found
WARNING:cellpose.dynamics:WARNING: no mask pixels found
WARNING:cellpose.dynamics:WARNING: no mask pixels found
WARNING:cellpose.dynamics:WARNING: no mask pixels found
WARNING:cellpose.dynamics:WARNING: no mask pixels found
WARNING:cellpose.dynamics:WARNING: no mask pixels found
WARNING:cellpose.dynamics:WARNING: no mask pixels found
WARNING:cellpose.dynamics:WARNING: no mask pixels found
WARNING:cellpose.dynamics:WARNING: no mask pixels found
WARNING:cellpose.dynamics:WARNING: no mask pixels found
WARNING:cellpose.dynamics:WARNING: no mask pixels found
WARNING:cellpose.dynamics:WARNING: no mask pixels found
WARNING:cellpose.dynamics:WARNING: no mask pixels found
WARNING:cellpose.dynamics:WARNING: no mask pixels found
WARNING:cellpose.dynamics:WARNING: no mask pixels found
WARNING:cellpose.dynamics:WARNING: no mask pixels found
WARNING:cellpose.dynamics:WARNING: no mask pixels found
WARNING:cellpose.dynamics:WARNING: no mask pixels found
WARNING:cellpose.dynamics:WARNING: no mask pixels found
WARNING:cellpose.dynamics:WARNING: no mask pixels found
WARNING:cellpose.dynamics:WARNING: no mask pixels found
WARNING:cellpose.dynamics:WARNING: no mask pixels found
WARNING:cellpose.dynamics:WARNING: no mask pixels found
WARNING:cellpose.dynamics:WARNING: no mask pixels found
WARNING:cellpose.dynamics:WARNING: no mask pixels found
WARNING:cellpose.dynamics:WARNING: no mask pixels found
WARNING:cellpose.dynamics:WARNING: no mask pixels found
WARNING:cellpose.dynamics:WARNING: no mask pixels found
WARNING:cellpose.dynamics:WARNING: no mask pixels found
WARNING:cellpose.dynamics:WARNING: no mask pixels found
WARNING:cellpose.dynamics:WARNING: no mask pixels found
WARNING:cellpose.dynamics:WARNING: no mask pixels found
WARNING:cellpose.dynamics:WARNING: no mask pixels found
WARNING:cellpose.dynamics:WARNING: no mask pixels found
WARNING:cellpose.dynamics:WARNING: no mask pixels found
WARNING:cellpose.dynamics:WARNING: no mask pixels found
WARNING:cellpose.dynamics:WARNING: no mask pixels found
WARNING:cellpose.dynamics:WARNING: no mask pixels found
WARNING:cellpose.dynamics:WARNING: no mask pixels found
WARNING:cellpose.dynamics:WARNING: no mask pixels found
WARNING:cellpose.dynamics:WARNING: no mask pixels found
WARNING:cellpose.dynamics:WARNING: no mask pixels found
WARNING:cellpose.dynamics:WARNING: no mask pixels found
WARNING:cellpose.dynamics:WARNING: no mask pixels found
WARNING:cellpose.dynamics:WARNING: no mask pixels found
WARNING:cellpose.dynamics:WARNING: no mask pixels found
WARNING:cellpose.dynamics:WARNING: no mask pixels found
WARNING:cellpose.dynamics:WARNING: no mask pixels found
WARNING:cellpose.dynamics:WARNING: no mask pixels found
WARNING:cellpose.dynamics:WARNING: no mask pixels found
WARNING:cellpose.dynamics:WARNING: no mask pixels found
WARNING:cellpose.dynamics:WARNING: no mask pixels found
WARNING:cellpose.dynamics:WARNING: no mask pixels found
WARNING:cellpose.dynamics:WARNING: no mask pixels found
WARNING:cellpose.dynamics:WARNING: no mask pixels found
WARNING:cellpose.dynamics:WARNING: no mask pixels found
WARNING:cellpose.dynamics:WARNING: no mask pixels found
WARNING:root:gs://octopi-tb-data/20221002/SP1+_2022-10-02_20-10-50.529345/0/0_0_0_BF_LED_matrix_left_half.bmp
WARNING:root:gs://octopi-tb-data/20221002/SP1+_2022-10-02_20-10-50.529345/0/0_0_0_BF_LED_matrix_right_half.bmp
WARNING:root:gs://octopi-tb-data/20221002/SP1+_2022-10-02_20-10-50.529345/0/0_0_0_Fluorescence_488_nm_Ex.bmp
WARNING:root:gs://octopi-tb-data/20221002/SP1+_2022-10-02_20-10-50.529345/0/0_1_0_BF_LED_matrix_left_half.bmp
WARNING:root:gs://octopi-tb-data/20221002/SP1+_2022-10-02_20-10-50.529345/0/0_1_0_BF_LED_matrix_right_half.bmp
WARNING:root:gs://octopi-tb-data/20221002/SP1+_2022-10-02_20-10-50.529345/0/0_1_0_Fluorescence_488_nm_Ex.bmp
WARNING:root:gs://octopi-tb-data/20221002/SP1+_2022-10-02_20-10-50.529345/0/0_2_0_BF_LED_matrix_left_half.bmp
WARNING:root:gs://octopi-tb-data/20221002/SP1+_2022-10-02_20-10-50.529345/0/0_2_0_BF_LED_matrix_right_half.bmp
WARNING:root:gs://octopi-tb-data/20221002/SP1+_2022-10-02_20-10-50.529345/0/0_2_0_Fluorescence_488_nm_Ex.bmp
WARNING:root:gs://octopi-tb-data/20221002/SP1+_2022-10-02_20-10-50.529345/0/0_3_0_BF_LED_matrix_left_half.bmp
WARNING:root:gs://octopi-tb-data/20221002/SP1+_2022-10-02_20-10-50.529345/0/0_3_0_BF_LED_matrix_right_half.bmp
WARNING:root:gs://octopi-tb-data/20221002/SP1+_2022-10-02_20-10-50.529345/0/0_3_0_Fluorescence_488_nm_Ex.bmp
WARNING:root:gs://octopi-tb-data/20221002/SP1+_2022-10-02_20-10-50.529345/0/0_4_0_BF_LED_matrix_left_half.bmp
WARNING:root:gs://octopi-tb-data/20221002/SP1+_2022-10-02_20-10-50.529345/0/0_4_0_BF_LED_matrix_right_half.bmp
WARNING:root:gs://octopi-tb-data/20221002/SP1+_2022-10-02_20-10-50.529345/0/0_4_0_Fluorescence_488_nm_Ex.bmp
WARNING:root:gs://octopi-tb-data/20221002/SP1+_2022-10-02_20-10-50.529345/0/0_5_0_BF_LED_matrix_left_half.bmp
WARNING:root:gs://octopi-tb-data/20221002/SP1+_2022-10-02_20-10-50.529345/0/0_5_0_BF_LED_matrix_right_half.bmp
WARNING:root:gs://octopi-tb-data/20221002/SP1+_2022-10-02_20-10-50.529345/0/0_5_0_Fluorescence_488_nm_Ex.bmp
WARNING:root:gs://octopi-tb-data/20221002/SP1+_2022-10-02_20-10-50.529345/0/0_6_0_BF_LED_matrix_left_half.bmp
WARNING:root:gs://octopi-tb-data/20221002/SP1+_2022-10-02_20-10-50.529345/0/0_6_0_BF_LED_matrix_right_half.bmp
WARNING:root:gs://octopi-tb-data/20221002/SP1+_2022-10-02_20-10-50.529345/0/0_6_0_Fluorescence_488_nm_Ex.bmp
WARNING:root:gs://octopi-tb-data/20221002/SP1+_2022-10-02_20-10-50.529345/0/0_7_0_BF_LED_matrix_left_half.bmp
WARNING:root:gs://octopi-tb-data/20221002/SP1+_2022-10-02_20-10-50.529345/0/0_7_0_BF_LED_matrix_right_half.bmp
WARNING:root:gs://octopi-tb-data/20221002/SP1+_2022-10-02_20-10-50.529345/0/0_7_0_Fluorescence_488_nm_Ex.bmp
WARNING:root:gs://octopi-tb-data/20221002/SP1+_2022-10-02_20-10-50.529345/0/0_8_0_BF_LED_matrix_left_half.bmp
WARNING:root:gs://octopi-tb-data/20221002/SP1+_2022-10-02_20-10-50.529345/0/0_8_0_BF_LED_matrix_right_half.bmp
WARNING:root:gs://octopi-tb-data/20221002/SP1+_2022-10-02_20-10-50.529345/0/0_8_0_Fluorescence_488_nm_Ex.bmp
WARNING:root:gs://octopi-tb-data/20221002/SP1+_2022-10-02_20-10-50.529345/0/0_9_0_BF_LED_matrix_left_half.bmp
WARNING:root:gs://octopi-tb-data/20221002/SP1+_2022-10-02_20-10-50.529345/0/0_9_0_BF_LED_matrix_right_half.bmp
WARNING:root:gs://octopi-tb-data/20221002/SP1+_2022-10-02_20-10-50.529345/0/0_9_0_Fluorescence_488_nm_Ex.bmp
WARNING:root:gs://octopi-tb-data/20221002/SP1+_2022-10-02_20-10-50.529345/0/0_10_0_BF_LED_matrix_left_half.bmp
WARNING:root:gs://octopi-tb-data/20221002/SP1+_2022-10-02_20-10-50.529345/0/0_10_0_BF_LED_matrix_right_half.bmp
WARNING:root:gs://octopi-tb-data/20221002/SP1+_2022-10-02_20-10-50.529345/0/0_10_0_Fluorescence_488_nm_Ex.bmp
WARNING:root:gs://octopi-tb-data/20221002/SP1+_2022-10-02_20-10-50.529345/0/0_11_0_BF_LED_matrix_left_half.bmp
WARNING:root:gs://octopi-tb-data/20221002/SP1+_2022-10-02_20-10-50.529345/0/0_11_0_BF_LED_matrix_right_half.bmp
WARNING:root:gs://octopi-tb-data/20221002/SP1+_2022-10-02_20-10-50.529345/0/0_11_0_Fluorescence_488_nm_Ex.bmp
WARNING:root:gs://octopi-tb-data/20221002/SP1+_2022-10-02_20-10-50.529345/0/0_12_0_BF_LED_matrix_left_half.bmp
WARNING:root:gs://octopi-tb-data/20221002/SP1+_2022-10-02_20-10-50.529345/0/0_12_0_BF_LED_matrix_right_half.bmp
WARNING:root:gs://octopi-tb-data/20221002/SP1+_2022-10-02_20-10-50.529345/0/0_12_0_Fluorescence_488_nm_Ex.bmp
WARNING:root:gs://octopi-tb-data/20221002/SP1+_2022-10-02_20-10-50.529345/0/0_13_0_BF_LED_matrix_left_half.bmp
WARNING:root:gs://octopi-tb-data/20221002/SP1+_2022-10-02_20-10-50.529345/0/0_13_0_BF_LED_matrix_right_half.bmp
WARNING:root:gs://octopi-tb-data/20221002/SP1+_2022-10-02_20-10-50.529345/0/0_13_0_Fluorescence_488_nm_Ex.bmp
WARNING:root:gs://octopi-tb-data/20221002/SP1+_2022-10-02_20-10-50.529345/0/0_14_0_BF_LED_matrix_left_half.bmp
WARNING:root:gs://octopi-tb-data/20221002/SP1+_2022-10-02_20-10-50.529345/0/0_14_0_BF_LED_matrix_right_half.bmp
WARNING:root:gs://octopi-tb-data/20221002/SP1+_2022-10-02_20-10-50.529345/0/0_14_0_Fluorescence_488_nm_Ex.bmp
WARNING:root:gs://octopi-tb-data/20221002/SP1+_2022-10-02_20-10-50.529345/0/0_15_0_BF_LED_matrix_left_half.bmp
WARNING:root:gs://octopi-tb-data/20221002/SP1+_2022-10-02_20-10-50.529345/0/0_15_0_BF_LED_matrix_right_half.bmp
WARNING:root:gs://octopi-tb-data/20221002/SP1+_2022-10-02_20-10-50.529345/0/0_15_0_Fluorescence_488_nm_Ex.bmp
WARNING:root:gs://octopi-tb-data/20221002/SP1+_2022-10-02_20-10-50.529345/0/0_16_0_BF_LED_matrix_left_half.bmp
WARNING:root:gs://octopi-tb-data/20221002/SP1+_2022-10-02_20-10-50.529345/0/0_16_0_BF_LED_matrix_right_half.bmp
WARNING:root:gs://octopi-tb-data/20221002/SP1+_2022-10-02_20-10-50.529345/0/0_16_0_Fluorescence_488_nm_Ex.bmp
WARNING:root:gs://octopi-tb-data/20221002/SP1+_2022-10-02_20-10-50.529345/0/0_17_0_BF_LED_matrix_left_half.bmp
WARNING:root:gs://octopi-tb-data/20221002/SP1+_2022-10-02_20-10-50.529345/0/0_17_0_BF_LED_matrix_right_half.bmp
WARNING:root:gs://octopi-tb-data/20221002/SP1+_2022-10-02_20-10-50.529345/0/0_17_0_Fluorescence_488_nm_Ex.bmp
WARNING:root:gs://octopi-tb-data/20221002/SP1+_2022-10-02_20-10-50.529345/0/0_18_0_BF_LED_matrix_left_half.bmp
WARNING:root:gs://octopi-tb-data/20221002/SP1+_2022-10-02_20-10-50.529345/0/0_18_0_BF_LED_matrix_right_half.bmp
WARNING:root:gs://octopi-tb-data/20221002/SP1+_2022-10-02_20-10-50.529345/0/0_18_0_Fluorescence_488_nm_Ex.bmp
WARNING:root:gs://octopi-tb-data/20221002/SP1+_2022-10-02_20-10-50.529345/0/1_0_0_BF_LED_matrix_left_half.bmp
WARNING:root:gs://octopi-tb-data/20221002/SP1+_2022-10-02_20-10-50.529345/0/1_0_0_BF_LED_matrix_right_half.bmp
WARNING:root:gs://octopi-tb-data/20221002/SP1+_2022-10-02_20-10-50.529345/0/1_0_0_Fluorescence_488_nm_Ex.bmp
WARNING:root:gs://octopi-tb-data/20221002/SP1+_2022-10-02_20-10-50.529345/0/1_1_0_BF_LED_matrix_left_half.bmp
WARNING:root:gs://octopi-tb-data/20221002/SP1+_2022-10-02_20-10-50.529345/0/1_1_0_BF_LED_matrix_right_half.bmp
WARNING:root:gs://octopi-tb-data/20221002/SP1+_2022-10-02_20-10-50.529345/0/1_1_0_Fluorescence_488_nm_Ex.bmp
WARNING:root:gs://octopi-tb-data/20221002/SP1+_2022-10-02_20-10-50.529345/0/1_2_0_BF_LED_matrix_left_half.bmp
WARNING:root:gs://octopi-tb-data/20221002/SP1+_2022-10-02_20-10-50.529345/0/1_2_0_BF_LED_matrix_right_half.bmp
WARNING:root:gs://octopi-tb-data/20221002/SP1+_2022-10-02_20-10-50.529345/0/1_2_0_Fluorescence_488_nm_Ex.bmp
WARNING:root:gs://octopi-tb-data/20221002/SP1+_2022-10-02_20-10-50.529345/0/1_3_0_BF_LED_matrix_left_half.bmp
WARNING:root:gs://octopi-tb-data/20221002/SP1+_2022-10-02_20-10-50.529345/0/1_3_0_BF_LED_matrix_right_half.bmp
WARNING:root:gs://octopi-tb-data/20221002/SP1+_2022-10-02_20-10-50.529345/0/1_3_0_Fluorescence_488_nm_Ex.bmp
WARNING:root:gs://octopi-tb-data/20221002/SP1+_2022-10-02_20-10-50.529345/0/1_4_0_BF_LED_matrix_left_half.bmp
WARNING:root:gs://octopi-tb-data/20221002/SP1+_2022-10-02_20-10-50.529345/0/1_4_0_BF_LED_matrix_right_half.bmp
WARNING:root:gs://octopi-tb-data/20221002/SP1+_2022-10-02_20-10-50.529345/0/1_4_0_Fluorescence_488_nm_Ex.bmp
WARNING:root:gs://octopi-tb-data/20221002/SP1+_2022-10-02_20-10-50.529345/0/1_5_0_BF_LED_matrix_left_half.bmp
WARNING:root:gs://octopi-tb-data/20221002/SP1+_2022-10-02_20-10-50.529345/0/1_5_0_BF_LED_matrix_right_half.bmp
WARNING:root:gs://octopi-tb-data/20221002/SP1+_2022-10-02_20-10-50.529345/0/1_5_0_Fluorescence_488_nm_Ex.bmp
WARNING:root:gs://octopi-tb-data/20221002/SP1+_2022-10-02_20-10-50.529345/0/1_6_0_BF_LED_matrix_left_half.bmp
WARNING:root:gs://octopi-tb-data/20221002/SP1+_2022-10-02_20-10-50.529345/0/1_6_0_BF_LED_matrix_right_half.bmp
WARNING:root:gs://octopi-tb-data/20221002/SP1+_2022-10-02_20-10-50.529345/0/1_6_0_Fluorescence_488_nm_Ex.bmp
WARNING:root:gs://octopi-tb-data/20221002/SP1+_2022-10-02_20-10-50.529345/0/1_7_0_BF_LED_matrix_left_half.bmp
WARNING:root:gs://octopi-tb-data/20221002/SP1+_2022-10-02_20-10-50.529345/0/1_7_0_BF_LED_matrix_right_half.bmp
WARNING:root:gs://octopi-tb-data/20221002/SP1+_2022-10-02_20-10-50.529345/0/1_7_0_Fluorescence_488_nm_Ex.bmp
WARNING:root:gs://octopi-tb-data/20221002/SP1+_2022-10-02_20-10-50.529345/0/1_8_0_BF_LED_matrix_left_half.bmp
WARNING:root:gs://octopi-tb-data/20221002/SP1+_2022-10-02_20-10-50.529345/0/1_8_0_BF_LED_matrix_right_half.bmp
WARNING:root:gs://octopi-tb-data/20221002/SP1+_2022-10-02_20-10-50.529345/0/1_8_0_Fluorescence_488_nm_Ex.bmp
WARNING:root:gs://octopi-tb-data/20221002/SP1+_2022-10-02_20-10-50.529345/0/1_9_0_BF_LED_matrix_left_half.bmp
WARNING:root:gs://octopi-tb-data/20221002/SP1+_2022-10-02_20-10-50.529345/0/1_9_0_BF_LED_matrix_right_half.bmp
WARNING:root:gs://octopi-tb-data/20221002/SP1+_2022-10-02_20-10-50.529345/0/1_9_0_Fluorescence_488_nm_Ex.bmp
WARNING:root:gs://octopi-tb-data/20221002/SP1+_2022-10-02_20-10-50.529345/0/1_10_0_BF_LED_matrix_left_half.bmp
WARNING:root:gs://octopi-tb-data/20221002/SP1+_2022-10-02_20-10-50.529345/0/1_10_0_BF_LED_matrix_right_half.bmp
WARNING:root:gs://octopi-tb-data/20221002/SP1+_2022-10-02_20-10-50.529345/0/1_10_0_Fluorescence_488_nm_Ex.bmp
WARNING:root:gs://octopi-tb-data/20221002/SP1+_2022-10-02_20-10-50.529345/0/1_11_0_BF_LED_matrix_left_half.bmp
WARNING:root:gs://octopi-tb-data/20221002/SP1+_2022-10-02_20-10-50.529345/0/1_11_0_BF_LED_matrix_right_half.bmp
WARNING:root:gs://octopi-tb-data/20221002/SP1+_2022-10-02_20-10-50.529345/0/1_11_0_Fluorescence_488_nm_Ex.bmp
WARNING:root:gs://octopi-tb-data/20221002/SP1+_2022-10-02_20-10-50.529345/0/1_12_0_BF_LED_matrix_left_half.bmp
WARNING:root:gs://octopi-tb-data/20221002/SP1+_2022-10-02_20-10-50.529345/0/1_12_0_BF_LED_matrix_right_half.bmp
WARNING:root:gs://octopi-tb-data/20221002/SP1+_2022-10-02_20-10-50.529345/0/1_12_0_Fluorescence_488_nm_Ex.bmp
WARNING:root:gs://octopi-tb-data/20221002/SP1+_2022-10-02_20-10-50.529345/0/1_13_0_BF_LED_matrix_left_half.bmp
WARNING:root:gs://octopi-tb-data/20221002/SP1+_2022-10-02_20-10-50.529345/0/1_13_0_BF_LED_matrix_right_half.bmp
WARNING:root:gs://octopi-tb-data/20221002/SP1+_2022-10-02_20-10-50.529345/0/1_13_0_Fluorescence_488_nm_Ex.bmp
WARNING:root:gs://octopi-tb-data/20221002/SP1+_2022-10-02_20-10-50.529345/0/1_14_0_BF_LED_matrix_left_half.bmp
WARNING:root:gs://octopi-tb-data/20221002/SP1+_2022-10-02_20-10-50.529345/0/1_14_0_BF_LED_matrix_right_half.bmp
WARNING:root:gs://octopi-tb-data/20221002/SP1+_2022-10-02_20-10-50.529345/0/1_14_0_Fluorescence_488_nm_Ex.bmp
WARNING:root:gs://octopi-tb-data/20221002/SP1+_2022-10-02_20-10-50.529345/0/1_15_0_BF_LED_matrix_left_half.bmp
WARNING:root:gs://octopi-tb-data/20221002/SP1+_2022-10-02_20-10-50.529345/0/1_15_0_BF_LED_matrix_right_half.bmp
WARNING:root:gs://octopi-tb-data/20221002/SP1+_2022-10-02_20-10-50.529345/0/1_15_0_Fluorescence_488_nm_Ex.bmp
WARNING:root:gs://octopi-tb-data/20221002/SP1+_2022-10-02_20-10-50.529345/0/1_16_0_BF_LED_matrix_left_half.bmp
WARNING:root:gs://octopi-tb-data/20221002/SP1+_2022-10-02_20-10-50.529345/0/1_16_0_BF_LED_matrix_right_half.bmp
WARNING:root:gs://octopi-tb-data/20221002/SP1+_2022-10-02_20-10-50.529345/0/1_16_0_Fluorescence_488_nm_Ex.bmp
WARNING:root:gs://octopi-tb-data/20221002/SP1+_2022-10-02_20-10-50.529345/0/1_17_0_BF_LED_matrix_left_half.bmp
WARNING:root:gs://octopi-tb-data/20221002/SP1+_2022-10-02_20-10-50.529345/0/1_17_0_BF_LED_matrix_right_half.bmp
WARNING:root:gs://octopi-tb-data/20221002/SP1+_2022-10-02_20-10-50.529345/0/1_17_0_Fluorescence_488_nm_Ex.bmp
WARNING:root:gs://octopi-tb-data/20221002/SP1+_2022-10-02_20-10-50.529345/0/1_18_0_BF_LED_matrix_left_half.bmp
WARNING:root:gs://octopi-tb-data/20221002/SP1+_2022-10-02_20-10-50.529345/0/1_18_0_BF_LED_matrix_right_half.bmp
WARNING:root:gs://octopi-tb-data/20221002/SP1+_2022-10-02_20-10-50.529345/0/1_18_0_Fluorescence_488_nm_Ex.bmp
WARNING:root:gs://octopi-tb-data/20221002/SP1+_2022-10-02_20-10-50.529345/0/2_0_0_BF_LED_matrix_left_half.bmp
WARNING:root:gs://octopi-tb-data/20221002/SP1+_2022-10-02_20-10-50.529345/0/2_0_0_BF_LED_matrix_right_half.bmp
WARNING:root:gs://octopi-tb-data/20221002/SP1+_2022-10-02_20-10-50.529345/0/2_0_0_Fluorescence_488_nm_Ex.bmp
WARNING:root:gs://octopi-tb-data/20221002/SP1+_2022-10-02_20-10-50.529345/0/2_1_0_BF_LED_matrix_left_half.bmp
WARNING:root:gs://octopi-tb-data/20221002/SP1+_2022-10-02_20-10-50.529345/0/2_1_0_BF_LED_matrix_right_half.bmp
WARNING:root:gs://octopi-tb-data/20221002/SP1+_2022-10-02_20-10-50.529345/0/2_1_0_Fluorescence_488_nm_Ex.bmp
WARNING:root:gs://octopi-tb-data/20221002/SP1+_2022-10-02_20-10-50.529345/0/2_2_0_BF_LED_matrix_left_half.bmp
WARNING:root:gs://octopi-tb-data/20221002/SP1+_2022-10-02_20-10-50.529345/0/2_2_0_BF_LED_matrix_right_half.bmp
WARNING:root:gs://octopi-tb-data/20221002/SP1+_2022-10-02_20-10-50.529345/0/2_2_0_Fluorescence_488_nm_Ex.bmp
WARNING:root:gs://octopi-tb-data/20221002/SP1+_2022-10-02_20-10-50.529345/0/2_3_0_BF_LED_matrix_left_half.bmp
WARNING:root:gs://octopi-tb-data/20221002/SP1+_2022-10-02_20-10-50.529345/0/2_3_0_BF_LED_matrix_right_half.bmp
WARNING:root:gs://octopi-tb-data/20221002/SP1+_2022-10-02_20-10-50.529345/0/2_3_0_Fluorescence_488_nm_Ex.bmp
WARNING:root:gs://octopi-tb-data/20221002/SP1+_2022-10-02_20-10-50.529345/0/2_4_0_BF_LED_matrix_left_half.bmp
WARNING:root:gs://octopi-tb-data/20221002/SP1+_2022-10-02_20-10-50.529345/0/2_4_0_BF_LED_matrix_right_half.bmp
WARNING:root:gs://octopi-tb-data/20221002/SP1+_2022-10-02_20-10-50.529345/0/2_4_0_Fluorescence_488_nm_Ex.bmp
WARNING:root:gs://octopi-tb-data/20221002/SP1+_2022-10-02_20-10-50.529345/0/2_5_0_BF_LED_matrix_left_half.bmp
WARNING:root:gs://octopi-tb-data/20221002/SP1+_2022-10-02_20-10-50.529345/0/2_5_0_BF_LED_matrix_right_half.bmp
WARNING:root:gs://octopi-tb-data/20221002/SP1+_2022-10-02_20-10-50.529345/0/2_5_0_Fluorescence_488_nm_Ex.bmp
WARNING:root:gs://octopi-tb-data/20221002/SP1+_2022-10-02_20-10-50.529345/0/2_6_0_BF_LED_matrix_left_half.bmp
WARNING:root:gs://octopi-tb-data/20221002/SP1+_2022-10-02_20-10-50.529345/0/2_6_0_BF_LED_matrix_right_half.bmp
WARNING:root:gs://octopi-tb-data/20221002/SP1+_2022-10-02_20-10-50.529345/0/2_6_0_Fluorescence_488_nm_Ex.bmp
WARNING:root:gs://octopi-tb-data/20221002/SP1+_2022-10-02_20-10-50.529345/0/2_7_0_BF_LED_matrix_left_half.bmp
WARNING:root:gs://octopi-tb-data/20221002/SP1+_2022-10-02_20-10-50.529345/0/2_7_0_BF_LED_matrix_right_half.bmp
WARNING:root:gs://octopi-tb-data/20221002/SP1+_2022-10-02_20-10-50.529345/0/2_7_0_Fluorescence_488_nm_Ex.bmp
WARNING:root:gs://octopi-tb-data/20221002/SP1+_2022-10-02_20-10-50.529345/0/2_8_0_BF_LED_matrix_left_half.bmp
WARNING:root:gs://octopi-tb-data/20221002/SP1+_2022-10-02_20-10-50.529345/0/2_8_0_BF_LED_matrix_right_half.bmp
WARNING:root:gs://octopi-tb-data/20221002/SP1+_2022-10-02_20-10-50.529345/0/2_8_0_Fluorescence_488_nm_Ex.bmp
WARNING:root:gs://octopi-tb-data/20221002/SP1+_2022-10-02_20-10-50.529345/0/2_9_0_BF_LED_matrix_left_half.bmp
WARNING:root:gs://octopi-tb-data/20221002/SP1+_2022-10-02_20-10-50.529345/0/2_9_0_BF_LED_matrix_right_half.bmp
WARNING:root:gs://octopi-tb-data/20221002/SP1+_2022-10-02_20-10-50.529345/0/2_9_0_Fluorescence_488_nm_Ex.bmp
WARNING:root:gs://octopi-tb-data/20221002/SP1+_2022-10-02_20-10-50.529345/0/2_10_0_BF_LED_matrix_left_half.bmp
WARNING:root:gs://octopi-tb-data/20221002/SP1+_2022-10-02_20-10-50.529345/0/2_10_0_BF_LED_matrix_right_half.bmp
WARNING:root:gs://octopi-tb-data/20221002/SP1+_2022-10-02_20-10-50.529345/0/2_10_0_Fluorescence_488_nm_Ex.bmp
WARNING:root:gs://octopi-tb-data/20221002/SP1+_2022-10-02_20-10-50.529345/0/2_11_0_BF_LED_matrix_left_half.bmp
WARNING:root:gs://octopi-tb-data/20221002/SP1+_2022-10-02_20-10-50.529345/0/2_11_0_BF_LED_matrix_right_half.bmp
WARNING:root:gs://octopi-tb-data/20221002/SP1+_2022-10-02_20-10-50.529345/0/2_11_0_Fluorescence_488_nm_Ex.bmp
WARNING:root:gs://octopi-tb-data/20221002/SP1+_2022-10-02_20-10-50.529345/0/2_12_0_BF_LED_matrix_left_half.bmp
WARNING:root:gs://octopi-tb-data/20221002/SP1+_2022-10-02_20-10-50.529345/0/2_12_0_BF_LED_matrix_right_half.bmp
WARNING:root:gs://octopi-tb-data/20221002/SP1+_2022-10-02_20-10-50.529345/0/2_12_0_Fluorescence_488_nm_Ex.bmp
WARNING:root:gs://octopi-tb-data/20221002/SP1+_2022-10-02_20-10-50.529345/0/2_13_0_BF_LED_matrix_left_half.bmp
WARNING:root:gs://octopi-tb-data/20221002/SP1+_2022-10-02_20-10-50.529345/0/2_13_0_BF_LED_matrix_right_half.bmp
WARNING:root:gs://octopi-tb-data/20221002/SP1+_2022-10-02_20-10-50.529345/0/2_13_0_Fluorescence_488_nm_Ex.bmp
WARNING:root:gs://octopi-tb-data/20221002/SP1+_2022-10-02_20-10-50.529345/0/2_14_0_BF_LED_matrix_left_half.bmp
WARNING:root:gs://octopi-tb-data/20221002/SP1+_2022-10-02_20-10-50.529345/0/2_14_0_BF_LED_matrix_right_half.bmp
WARNING:root:gs://octopi-tb-data/20221002/SP1+_2022-10-02_20-10-50.529345/0/2_14_0_Fluorescence_488_nm_Ex.bmp
WARNING:root:gs://octopi-tb-data/20221002/SP1+_2022-10-02_20-10-50.529345/0/2_15_0_BF_LED_matrix_left_half.bmp
WARNING:root:gs://octopi-tb-data/20221002/SP1+_2022-10-02_20-10-50.529345/0/2_15_0_BF_LED_matrix_right_half.bmp
WARNING:root:gs://octopi-tb-data/20221002/SP1+_2022-10-02_20-10-50.529345/0/2_15_0_Fluorescence_488_nm_Ex.bmp
WARNING:root:gs://octopi-tb-data/20221002/SP1+_2022-10-02_20-10-50.529345/0/2_16_0_BF_LED_matrix_left_half.bmp
WARNING:root:gs://octopi-tb-data/20221002/SP1+_2022-10-02_20-10-50.529345/0/2_16_0_BF_LED_matrix_right_half.bmp
WARNING:root:gs://octopi-tb-data/20221002/SP1+_2022-10-02_20-10-50.529345/0/2_16_0_Fluorescence_488_nm_Ex.bmp
WARNING:root:gs://octopi-tb-data/20221002/SP1+_2022-10-02_20-10-50.529345/0/2_17_0_BF_LED_matrix_left_half.bmp
WARNING:root:gs://octopi-tb-data/20221002/SP1+_2022-10-02_20-10-50.529345/0/2_17_0_BF_LED_matrix_right_half.bmp
WARNING:root:gs://octopi-tb-data/20221002/SP1+_2022-10-02_20-10-50.529345/0/2_17_0_Fluorescence_488_nm_Ex.bmp
WARNING:root:gs://octopi-tb-data/20221002/SP1+_2022-10-02_20-10-50.529345/0/2_18_0_BF_LED_matrix_left_half.bmp
WARNING:root:gs://octopi-tb-data/20221002/SP1+_2022-10-02_20-10-50.529345/0/2_18_0_BF_LED_matrix_right_half.bmp
WARNING:root:gs://octopi-tb-data/20221002/SP1+_2022-10-02_20-10-50.529345/0/2_18_0_Fluorescence_488_nm_Ex.bmp
WARNING:root:gs://octopi-tb-data/20221002/SP1+_2022-10-02_20-10-50.529345/0/3_0_0_BF_LED_matrix_left_half.bmp
WARNING:root:gs://octopi-tb-data/20221002/SP1+_2022-10-02_20-10-50.529345/0/3_0_0_BF_LED_matrix_right_half.bmp
WARNING:root:gs://octopi-tb-data/20221002/SP1+_2022-10-02_20-10-50.529345/0/3_0_0_Fluorescence_488_nm_Ex.bmp
WARNING:root:gs://octopi-tb-data/20221002/SP1+_2022-10-02_20-10-50.529345/0/3_1_0_BF_LED_matrix_left_half.bmp
WARNING:root:gs://octopi-tb-data/20221002/SP1+_2022-10-02_20-10-50.529345/0/3_1_0_BF_LED_matrix_right_half.bmp
WARNING:root:gs://octopi-tb-data/20221002/SP1+_2022-10-02_20-10-50.529345/0/3_1_0_Fluorescence_488_nm_Ex.bmp
WARNING:root:gs://octopi-tb-data/20221002/SP1+_2022-10-02_20-10-50.529345/0/3_2_0_BF_LED_matrix_left_half.bmp
WARNING:root:gs://octopi-tb-data/20221002/SP1+_2022-10-02_20-10-50.529345/0/3_2_0_BF_LED_matrix_right_half.bmp
WARNING:root:gs://octopi-tb-data/20221002/SP1+_2022-10-02_20-10-50.529345/0/3_2_0_Fluorescence_488_nm_Ex.bmp
WARNING:root:gs://octopi-tb-data/20221002/SP1+_2022-10-02_20-10-50.529345/0/3_3_0_BF_LED_matrix_left_half.bmp
WARNING:root:gs://octopi-tb-data/20221002/SP1+_2022-10-02_20-10-50.529345/0/3_3_0_BF_LED_matrix_right_half.bmp
WARNING:root:gs://octopi-tb-data/20221002/SP1+_2022-10-02_20-10-50.529345/0/3_3_0_Fluorescence_488_nm_Ex.bmp
WARNING:root:gs://octopi-tb-data/20221002/SP1+_2022-10-02_20-10-50.529345/0/3_4_0_BF_LED_matrix_left_half.bmp
WARNING:root:gs://octopi-tb-data/20221002/SP1+_2022-10-02_20-10-50.529345/0/3_4_0_BF_LED_matrix_right_half.bmp
WARNING:root:gs://octopi-tb-data/20221002/SP1+_2022-10-02_20-10-50.529345/0/3_4_0_Fluorescence_488_nm_Ex.bmp
WARNING:root:gs://octopi-tb-data/20221002/SP1+_2022-10-02_20-10-50.529345/0/3_5_0_BF_LED_matrix_left_half.bmp
WARNING:root:gs://octopi-tb-data/20221002/SP1+_2022-10-02_20-10-50.529345/0/3_5_0_BF_LED_matrix_right_half.bmp
WARNING:root:gs://octopi-tb-data/20221002/SP1+_2022-10-02_20-10-50.529345/0/3_5_0_Fluorescence_488_nm_Ex.bmp
WARNING:root:gs://octopi-tb-data/20221002/SP1+_2022-10-02_20-10-50.529345/0/3_6_0_BF_LED_matrix_left_half.bmp
WARNING:root:gs://octopi-tb-data/20221002/SP1+_2022-10-02_20-10-50.529345/0/3_6_0_BF_LED_matrix_right_half.bmp
WARNING:root:gs://octopi-tb-data/20221002/SP1+_2022-10-02_20-10-50.529345/0/3_6_0_Fluorescence_488_nm_Ex.bmp
WARNING:root:gs://octopi-tb-data/20221002/SP1+_2022-10-02_20-10-50.529345/0/3_7_0_BF_LED_matrix_left_half.bmp
WARNING:root:gs://octopi-tb-data/20221002/SP1+_2022-10-02_20-10-50.529345/0/3_7_0_BF_LED_matrix_right_half.bmp
WARNING:root:gs://octopi-tb-data/20221002/SP1+_2022-10-02_20-10-50.529345/0/3_7_0_Fluorescence_488_nm_Ex.bmp
WARNING:root:gs://octopi-tb-data/20221002/SP1+_2022-10-02_20-10-50.529345/0/3_8_0_BF_LED_matrix_left_half.bmp
WARNING:root:gs://octopi-tb-data/20221002/SP1+_2022-10-02_20-10-50.529345/0/3_8_0_BF_LED_matrix_right_half.bmp
WARNING:root:gs://octopi-tb-data/20221002/SP1+_2022-10-02_20-10-50.529345/0/3_8_0_Fluorescence_488_nm_Ex.bmp
WARNING:root:gs://octopi-tb-data/20221002/SP1+_2022-10-02_20-10-50.529345/0/3_9_0_BF_LED_matrix_left_half.bmp
WARNING:root:gs://octopi-tb-data/20221002/SP1+_2022-10-02_20-10-50.529345/0/3_9_0_BF_LED_matrix_right_half.bmp
WARNING:root:gs://octopi-tb-data/20221002/SP1+_2022-10-02_20-10-50.529345/0/3_9_0_Fluorescence_488_nm_Ex.bmp
WARNING:root:gs://octopi-tb-data/20221002/SP1+_2022-10-02_20-10-50.529345/0/3_10_0_BF_LED_matrix_left_half.bmp
WARNING:root:gs://octopi-tb-data/20221002/SP1+_2022-10-02_20-10-50.529345/0/3_10_0_BF_LED_matrix_right_half.bmp
WARNING:root:gs://octopi-tb-data/20221002/SP1+_2022-10-02_20-10-50.529345/0/3_10_0_Fluorescence_488_nm_Ex.bmp
WARNING:root:gs://octopi-tb-data/20221002/SP1+_2022-10-02_20-10-50.529345/0/3_11_0_BF_LED_matrix_left_half.bmp
WARNING:root:gs://octopi-tb-data/20221002/SP1+_2022-10-02_20-10-50.529345/0/3_11_0_BF_LED_matrix_right_half.bmp
WARNING:root:gs://octopi-tb-data/20221002/SP1+_2022-10-02_20-10-50.529345/0/3_11_0_Fluorescence_488_nm_Ex.bmp
WARNING:root:gs://octopi-tb-data/20221002/SP1+_2022-10-02_20-10-50.529345/0/3_12_0_BF_LED_matrix_left_half.bmp
WARNING:root:gs://octopi-tb-data/20221002/SP1+_2022-10-02_20-10-50.529345/0/3_12_0_BF_LED_matrix_right_half.bmp
WARNING:root:gs://octopi-tb-data/20221002/SP1+_2022-10-02_20-10-50.529345/0/3_12_0_Fluorescence_488_nm_Ex.bmp
WARNING:root:gs://octopi-tb-data/20221002/SP1+_2022-10-02_20-10-50.529345/0/3_13_0_BF_LED_matrix_left_half.bmp
WARNING:root:gs://octopi-tb-data/20221002/SP1+_2022-10-02_20-10-50.529345/0/3_13_0_BF_LED_matrix_right_half.bmp
WARNING:root:gs://octopi-tb-data/20221002/SP1+_2022-10-02_20-10-50.529345/0/3_13_0_Fluorescence_488_nm_Ex.bmp
WARNING:root:gs://octopi-tb-data/20221002/SP1+_2022-10-02_20-10-50.529345/0/3_14_0_BF_LED_matrix_left_half.bmp
WARNING:root:gs://octopi-tb-data/20221002/SP1+_2022-10-02_20-10-50.529345/0/3_14_0_BF_LED_matrix_right_half.bmp
WARNING:root:gs://octopi-tb-data/20221002/SP1+_2022-10-02_20-10-50.529345/0/3_14_0_Fluorescence_488_nm_Ex.bmp
WARNING:root:gs://octopi-tb-data/20221002/SP1+_2022-10-02_20-10-50.529345/0/3_15_0_BF_LED_matrix_left_half.bmp
WARNING:root:gs://octopi-tb-data/20221002/SP1+_2022-10-02_20-10-50.529345/0/3_15_0_BF_LED_matrix_right_half.bmp
WARNING:root:gs://octopi-tb-data/20221002/SP1+_2022-10-02_20-10-50.529345/0/3_15_0_Fluorescence_488_nm_Ex.bmp
WARNING:root:gs://octopi-tb-data/20221002/SP1+_2022-10-02_20-10-50.529345/0/3_16_0_BF_LED_matrix_left_half.bmp
WARNING:root:gs://octopi-tb-data/20221002/SP1+_2022-10-02_20-10-50.529345/0/3_16_0_BF_LED_matrix_right_half.bmp
WARNING:root:gs://octopi-tb-data/20221002/SP1+_2022-10-02_20-10-50.529345/0/3_16_0_Fluorescence_488_nm_Ex.bmp
WARNING:root:gs://octopi-tb-data/20221002/SP1+_2022-10-02_20-10-50.529345/0/3_17_0_BF_LED_matrix_left_half.bmp
WARNING:root:gs://octopi-tb-data/20221002/SP1+_2022-10-02_20-10-50.529345/0/3_17_0_BF_LED_matrix_right_half.bmp
WARNING:root:gs://octopi-tb-data/20221002/SP1+_2022-10-02_20-10-50.529345/0/3_17_0_Fluorescence_488_nm_Ex.bmp
WARNING:root:gs://octopi-tb-data/20221002/SP1+_2022-10-02_20-10-50.529345/0/3_18_0_BF_LED_matrix_left_half.bmp
WARNING:root:gs://octopi-tb-data/20221002/SP1+_2022-10-02_20-10-50.529345/0/3_18_0_BF_LED_matrix_right_half.bmp
WARNING:root:gs://octopi-tb-data/20221002/SP1+_2022-10-02_20-10-50.529345/0/3_18_0_Fluorescence_488_nm_Ex.bmp
WARNING:root:gs://octopi-tb-data/20221002/SP1+_2022-10-02_20-10-50.529345/0/4_0_0_BF_LED_matrix_left_half.bmp
WARNING:root:gs://octopi-tb-data/20221002/SP1+_2022-10-02_20-10-50.529345/0/4_0_0_BF_LED_matrix_right_half.bmp
WARNING:root:gs://octopi-tb-data/20221002/SP1+_2022-10-02_20-10-50.529345/0/4_0_0_Fluorescence_488_nm_Ex.bmp
WARNING:root:gs://octopi-tb-data/20221002/SP1+_2022-10-02_20-10-50.529345/0/4_1_0_BF_LED_matrix_left_half.bmp
WARNING:root:gs://octopi-tb-data/20221002/SP1+_2022-10-02_20-10-50.529345/0/4_1_0_BF_LED_matrix_right_half.bmp
WARNING:root:gs://octopi-tb-data/20221002/SP1+_2022-10-02_20-10-50.529345/0/4_1_0_Fluorescence_488_nm_Ex.bmp
WARNING:root:gs://octopi-tb-data/20221002/SP1+_2022-10-02_20-10-50.529345/0/4_2_0_BF_LED_matrix_left_half.bmp
WARNING:root:gs://octopi-tb-data/20221002/SP1+_2022-10-02_20-10-50.529345/0/4_2_0_BF_LED_matrix_right_half.bmp
WARNING:root:gs://octopi-tb-data/20221002/SP1+_2022-10-02_20-10-50.529345/0/4_2_0_Fluorescence_488_nm_Ex.bmp
WARNING:root:gs://octopi-tb-data/20221002/SP1+_2022-10-02_20-10-50.529345/0/4_3_0_BF_LED_matrix_left_half.bmp
WARNING:root:gs://octopi-tb-data/20221002/SP1+_2022-10-02_20-10-50.529345/0/4_3_0_BF_LED_matrix_right_half.bmp
WARNING:root:gs://octopi-tb-data/20221002/SP1+_2022-10-02_20-10-50.529345/0/4_3_0_Fluorescence_488_nm_Ex.bmp
WARNING:root:gs://octopi-tb-data/20221002/SP1+_2022-10-02_20-10-50.529345/0/4_4_0_BF_LED_matrix_left_half.bmp
WARNING:root:gs://octopi-tb-data/20221002/SP1+_2022-10-02_20-10-50.529345/0/4_4_0_BF_LED_matrix_right_half.bmp
WARNING:root:gs://octopi-tb-data/20221002/SP1+_2022-10-02_20-10-50.529345/0/4_4_0_Fluorescence_488_nm_Ex.bmp
WARNING:root:gs://octopi-tb-data/20221002/SP1+_2022-10-02_20-10-50.529345/0/4_5_0_BF_LED_matrix_left_half.bmp
WARNING:root:gs://octopi-tb-data/20221002/SP1+_2022-10-02_20-10-50.529345/0/4_5_0_BF_LED_matrix_right_half.bmp
WARNING:root:gs://octopi-tb-data/20221002/SP1+_2022-10-02_20-10-50.529345/0/4_5_0_Fluorescence_488_nm_Ex.bmp
WARNING:root:gs://octopi-tb-data/20221002/SP1+_2022-10-02_20-10-50.529345/0/4_6_0_BF_LED_matrix_left_half.bmp
WARNING:root:gs://octopi-tb-data/20221002/SP1+_2022-10-02_20-10-50.529345/0/4_6_0_BF_LED_matrix_right_half.bmp
WARNING:root:gs://octopi-tb-data/20221002/SP1+_2022-10-02_20-10-50.529345/0/4_6_0_Fluorescence_488_nm_Ex.bmp
WARNING:root:gs://octopi-tb-data/20221002/SP1+_2022-10-02_20-10-50.529345/0/4_7_0_BF_LED_matrix_left_half.bmp
WARNING:root:gs://octopi-tb-data/20221002/SP1+_2022-10-02_20-10-50.529345/0/4_7_0_BF_LED_matrix_right_half.bmp
WARNING:root:gs://octopi-tb-data/20221002/SP1+_2022-10-02_20-10-50.529345/0/4_7_0_Fluorescence_488_nm_Ex.bmp
WARNING:root:gs://octopi-tb-data/20221002/SP1+_2022-10-02_20-10-50.529345/0/4_8_0_BF_LED_matrix_left_half.bmp
WARNING:root:gs://octopi-tb-data/20221002/SP1+_2022-10-02_20-10-50.529345/0/4_8_0_BF_LED_matrix_right_half.bmp
WARNING:root:gs://octopi-tb-data/20221002/SP1+_2022-10-02_20-10-50.529345/0/4_8_0_Fluorescence_488_nm_Ex.bmp
WARNING:root:gs://octopi-tb-data/20221002/SP1+_2022-10-02_20-10-50.529345/0/4_9_0_BF_LED_matrix_left_half.bmp
WARNING:root:gs://octopi-tb-data/20221002/SP1+_2022-10-02_20-10-50.529345/0/4_9_0_BF_LED_matrix_right_half.bmp
WARNING:root:gs://octopi-tb-data/20221002/SP1+_2022-10-02_20-10-50.529345/0/4_9_0_Fluorescence_488_nm_Ex.bmp
WARNING:root:gs://octopi-tb-data/20221002/SP1+_2022-10-02_20-10-50.529345/0/4_10_0_BF_LED_matrix_left_half.bmp
WARNING:root:gs://octopi-tb-data/20221002/SP1+_2022-10-02_20-10-50.529345/0/4_10_0_BF_LED_matrix_right_half.bmp
WARNING:root:gs://octopi-tb-data/20221002/SP1+_2022-10-02_20-10-50.529345/0/4_10_0_Fluorescence_488_nm_Ex.bmp
WARNING:root:gs://octopi-tb-data/20221002/SP1+_2022-10-02_20-10-50.529345/0/4_11_0_BF_LED_matrix_left_half.bmp
WARNING:root:gs://octopi-tb-data/20221002/SP1+_2022-10-02_20-10-50.529345/0/4_11_0_BF_LED_matrix_right_half.bmp
WARNING:root:gs://octopi-tb-data/20221002/SP1+_2022-10-02_20-10-50.529345/0/4_11_0_Fluorescence_488_nm_Ex.bmp
WARNING:root:gs://octopi-tb-data/20221002/SP1+_2022-10-02_20-10-50.529345/0/4_12_0_BF_LED_matrix_left_half.bmp
WARNING:root:gs://octopi-tb-data/20221002/SP1+_2022-10-02_20-10-50.529345/0/4_12_0_BF_LED_matrix_right_half.bmp
WARNING:root:gs://octopi-tb-data/20221002/SP1+_2022-10-02_20-10-50.529345/0/4_12_0_Fluorescence_488_nm_Ex.bmp
WARNING:root:gs://octopi-tb-data/20221002/SP1+_2022-10-02_20-10-50.529345/0/4_13_0_BF_LED_matrix_left_half.bmp
WARNING:root:gs://octopi-tb-data/20221002/SP1+_2022-10-02_20-10-50.529345/0/4_13_0_BF_LED_matrix_right_half.bmp
WARNING:root:gs://octopi-tb-data/20221002/SP1+_2022-10-02_20-10-50.529345/0/4_13_0_Fluorescence_488_nm_Ex.bmp
WARNING:root:gs://octopi-tb-data/20221002/SP1+_2022-10-02_20-10-50.529345/0/4_14_0_BF_LED_matrix_left_half.bmp
WARNING:root:gs://octopi-tb-data/20221002/SP1+_2022-10-02_20-10-50.529345/0/4_14_0_BF_LED_matrix_right_half.bmp
WARNING:root:gs://octopi-tb-data/20221002/SP1+_2022-10-02_20-10-50.529345/0/4_14_0_Fluorescence_488_nm_Ex.bmp
WARNING:root:gs://octopi-tb-data/20221002/SP1+_2022-10-02_20-10-50.529345/0/4_15_0_BF_LED_matrix_left_half.bmp
WARNING:root:gs://octopi-tb-data/20221002/SP1+_2022-10-02_20-10-50.529345/0/4_15_0_BF_LED_matrix_right_half.bmp
WARNING:root:gs://octopi-tb-data/20221002/SP1+_2022-10-02_20-10-50.529345/0/4_15_0_Fluorescence_488_nm_Ex.bmp
WARNING:root:gs://octopi-tb-data/20221002/SP1+_2022-10-02_20-10-50.529345/0/4_16_0_BF_LED_matrix_left_half.bmp
WARNING:root:gs://octopi-tb-data/20221002/SP1+_2022-10-02_20-10-50.529345/0/4_16_0_BF_LED_matrix_right_half.bmp
WARNING:root:gs://octopi-tb-data/20221002/SP1+_2022-10-02_20-10-50.529345/0/4_16_0_Fluorescence_488_nm_Ex.bmp
WARNING:root:gs://octopi-tb-data/20221002/SP1+_2022-10-02_20-10-50.529345/0/4_17_0_BF_LED_matrix_left_half.bmp
WARNING:root:gs://octopi-tb-data/20221002/SP1+_2022-10-02_20-10-50.529345/0/4_17_0_BF_LED_matrix_right_half.bmp
WARNING:root:gs://octopi-tb-data/20221002/SP1+_2022-10-02_20-10-50.529345/0/4_17_0_Fluorescence_488_nm_Ex.bmp
WARNING:root:gs://octopi-tb-data/20221002/SP1+_2022-10-02_20-10-50.529345/0/4_18_0_BF_LED_matrix_left_half.bmp
WARNING:root:gs://octopi-tb-data/20221002/SP1+_2022-10-02_20-10-50.529345/0/4_18_0_BF_LED_matrix_right_half.bmp
WARNING:root:gs://octopi-tb-data/20221002/SP1+_2022-10-02_20-10-50.529345/0/4_18_0_Fluorescence_488_nm_Ex.bmp
WARNING:root:gs://octopi-tb-data/20221002/SP1+_2022-10-02_20-10-50.529345/0/5_0_0_BF_LED_matrix_left_half.bmp
WARNING:root:gs://octopi-tb-data/20221002/SP1+_2022-10-02_20-10-50.529345/0/5_0_0_BF_LED_matrix_right_half.bmp
WARNING:root:gs://octopi-tb-data/20221002/SP1+_2022-10-02_20-10-50.529345/0/5_0_0_Fluorescence_488_nm_Ex.bmp
WARNING:root:gs://octopi-tb-data/20221002/SP1+_2022-10-02_20-10-50.529345/0/5_1_0_BF_LED_matrix_left_half.bmp
WARNING:root:gs://octopi-tb-data/20221002/SP1+_2022-10-02_20-10-50.529345/0/5_1_0_BF_LED_matrix_right_half.bmp
WARNING:root:gs://octopi-tb-data/20221002/SP1+_2022-10-02_20-10-50.529345/0/5_1_0_Fluorescence_488_nm_Ex.bmp
WARNING:root:gs://octopi-tb-data/20221002/SP1+_2022-10-02_20-10-50.529345/0/5_2_0_BF_LED_matrix_left_half.bmp
WARNING:root:gs://octopi-tb-data/20221002/SP1+_2022-10-02_20-10-50.529345/0/5_2_0_BF_LED_matrix_right_half.bmp
WARNING:root:gs://octopi-tb-data/20221002/SP1+_2022-10-02_20-10-50.529345/0/5_2_0_Fluorescence_488_nm_Ex.bmp
WARNING:root:gs://octopi-tb-data/20221002/SP1+_2022-10-02_20-10-50.529345/0/5_3_0_BF_LED_matrix_left_half.bmp
WARNING:root:gs://octopi-tb-data/20221002/SP1+_2022-10-02_20-10-50.529345/0/5_3_0_BF_LED_matrix_right_half.bmp
WARNING:root:gs://octopi-tb-data/20221002/SP1+_2022-10-02_20-10-50.529345/0/5_3_0_Fluorescence_488_nm_Ex.bmp
WARNING:root:gs://octopi-tb-data/20221002/SP1+_2022-10-02_20-10-50.529345/0/5_4_0_BF_LED_matrix_left_half.bmp
WARNING:root:gs://octopi-tb-data/20221002/SP1+_2022-10-02_20-10-50.529345/0/5_4_0_BF_LED_matrix_right_half.bmp
WARNING:root:gs://octopi-tb-data/20221002/SP1+_2022-10-02_20-10-50.529345/0/5_4_0_Fluorescence_488_nm_Ex.bmp
WARNING:root:gs://octopi-tb-data/20221002/SP1+_2022-10-02_20-10-50.529345/0/5_5_0_BF_LED_matrix_left_half.bmp
WARNING:root:gs://octopi-tb-data/20221002/SP1+_2022-10-02_20-10-50.529345/0/5_5_0_BF_LED_matrix_right_half.bmp
WARNING:root:gs://octopi-tb-data/20221002/SP1+_2022-10-02_20-10-50.529345/0/5_5_0_Fluorescence_488_nm_Ex.bmp
WARNING:root:gs://octopi-tb-data/20221002/SP1+_2022-10-02_20-10-50.529345/0/5_6_0_BF_LED_matrix_left_half.bmp
WARNING:root:gs://octopi-tb-data/20221002/SP1+_2022-10-02_20-10-50.529345/0/5_6_0_BF_LED_matrix_right_half.bmp
WARNING:root:gs://octopi-tb-data/20221002/SP1+_2022-10-02_20-10-50.529345/0/5_6_0_Fluorescence_488_nm_Ex.bmp
WARNING:root:gs://octopi-tb-data/20221002/SP1+_2022-10-02_20-10-50.529345/0/5_7_0_BF_LED_matrix_left_half.bmp
WARNING:root:gs://octopi-tb-data/20221002/SP1+_2022-10-02_20-10-50.529345/0/5_7_0_BF_LED_matrix_right_half.bmp
WARNING:root:gs://octopi-tb-data/20221002/SP1+_2022-10-02_20-10-50.529345/0/5_7_0_Fluorescence_488_nm_Ex.bmp
WARNING:root:gs://octopi-tb-data/20221002/SP1+_2022-10-02_20-10-50.529345/0/5_8_0_BF_LED_matrix_left_half.bmp
WARNING:root:gs://octopi-tb-data/20221002/SP1+_2022-10-02_20-10-50.529345/0/5_8_0_BF_LED_matrix_right_half.bmp
WARNING:root:gs://octopi-tb-data/20221002/SP1+_2022-10-02_20-10-50.529345/0/5_8_0_Fluorescence_488_nm_Ex.bmp
WARNING:root:gs://octopi-tb-data/20221002/SP1+_2022-10-02_20-10-50.529345/0/5_9_0_BF_LED_matrix_left_half.bmp
WARNING:root:gs://octopi-tb-data/20221002/SP1+_2022-10-02_20-10-50.529345/0/5_9_0_BF_LED_matrix_right_half.bmp
WARNING:root:gs://octopi-tb-data/20221002/SP1+_2022-10-02_20-10-50.529345/0/5_9_0_Fluorescence_488_nm_Ex.bmp
WARNING:root:gs://octopi-tb-data/20221002/SP1+_2022-10-02_20-10-50.529345/0/5_10_0_BF_LED_matrix_left_half.bmp
WARNING:root:gs://octopi-tb-data/20221002/SP1+_2022-10-02_20-10-50.529345/0/5_10_0_BF_LED_matrix_right_half.bmp
WARNING:root:gs://octopi-tb-data/20221002/SP1+_2022-10-02_20-10-50.529345/0/5_10_0_Fluorescence_488_nm_Ex.bmp
WARNING:root:gs://octopi-tb-data/20221002/SP1+_2022-10-02_20-10-50.529345/0/5_11_0_BF_LED_matrix_left_half.bmp
WARNING:root:gs://octopi-tb-data/20221002/SP1+_2022-10-02_20-10-50.529345/0/5_11_0_BF_LED_matrix_right_half.bmp
WARNING:root:gs://octopi-tb-data/20221002/SP1+_2022-10-02_20-10-50.529345/0/5_11_0_Fluorescence_488_nm_Ex.bmp
WARNING:root:gs://octopi-tb-data/20221002/SP1+_2022-10-02_20-10-50.529345/0/5_12_0_BF_LED_matrix_left_half.bmp
WARNING:root:gs://octopi-tb-data/20221002/SP1+_2022-10-02_20-10-50.529345/0/5_12_0_BF_LED_matrix_right_half.bmp
WARNING:root:gs://octopi-tb-data/20221002/SP1+_2022-10-02_20-10-50.529345/0/5_12_0_Fluorescence_488_nm_Ex.bmp
WARNING:root:gs://octopi-tb-data/20221002/SP1+_2022-10-02_20-10-50.529345/0/5_13_0_BF_LED_matrix_left_half.bmp
WARNING:root:gs://octopi-tb-data/20221002/SP1+_2022-10-02_20-10-50.529345/0/5_13_0_BF_LED_matrix_right_half.bmp
WARNING:root:gs://octopi-tb-data/20221002/SP1+_2022-10-02_20-10-50.529345/0/5_13_0_Fluorescence_488_nm_Ex.bmp
WARNING:root:gs://octopi-tb-data/20221002/SP1+_2022-10-02_20-10-50.529345/0/5_14_0_BF_LED_matrix_left_half.bmp
WARNING:root:gs://octopi-tb-data/20221002/SP1+_2022-10-02_20-10-50.529345/0/5_14_0_BF_LED_matrix_right_half.bmp
WARNING:root:gs://octopi-tb-data/20221002/SP1+_2022-10-02_20-10-50.529345/0/5_14_0_Fluorescence_488_nm_Ex.bmp
WARNING:root:gs://octopi-tb-data/20221002/SP1+_2022-10-02_20-10-50.529345/0/5_15_0_BF_LED_matrix_left_half.bmp
WARNING:root:gs://octopi-tb-data/20221002/SP1+_2022-10-02_20-10-50.529345/0/5_15_0_BF_LED_matrix_right_half.bmp
WARNING:root:gs://octopi-tb-data/20221002/SP1+_2022-10-02_20-10-50.529345/0/5_15_0_Fluorescence_488_nm_Ex.bmp
WARNING:root:gs://octopi-tb-data/20221002/SP1+_2022-10-02_20-10-50.529345/0/5_16_0_BF_LED_matrix_left_half.bmp
WARNING:root:gs://octopi-tb-data/20221002/SP1+_2022-10-02_20-10-50.529345/0/5_16_0_BF_LED_matrix_right_half.bmp
WARNING:root:gs://octopi-tb-data/20221002/SP1+_2022-10-02_20-10-50.529345/0/5_16_0_Fluorescence_488_nm_Ex.bmp
WARNING:root:gs://octopi-tb-data/20221002/SP1+_2022-10-02_20-10-50.529345/0/5_17_0_BF_LED_matrix_left_half.bmp
WARNING:root:gs://octopi-tb-data/20221002/SP1+_2022-10-02_20-10-50.529345/0/5_17_0_BF_LED_matrix_right_half.bmp
WARNING:root:gs://octopi-tb-data/20221002/SP1+_2022-10-02_20-10-50.529345/0/5_17_0_Fluorescence_488_nm_Ex.bmp
WARNING:root:gs://octopi-tb-data/20221002/SP1+_2022-10-02_20-10-50.529345/0/5_18_0_BF_LED_matrix_left_half.bmp
WARNING:root:gs://octopi-tb-data/20221002/SP1+_2022-10-02_20-10-50.529345/0/5_18_0_BF_LED_matrix_right_half.bmp
WARNING:root:gs://octopi-tb-data/20221002/SP1+_2022-10-02_20-10-50.529345/0/5_18_0_Fluorescence_488_nm_Ex.bmp
WARNING:root:gs://octopi-tb-data/20221002/SP1+_2022-10-02_20-10-50.529345/0/6_0_0_BF_LED_matrix_left_half.bmp
WARNING:root:gs://octopi-tb-data/20221002/SP1+_2022-10-02_20-10-50.529345/0/6_0_0_BF_LED_matrix_right_half.bmp
WARNING:root:gs://octopi-tb-data/20221002/SP1+_2022-10-02_20-10-50.529345/0/6_0_0_Fluorescence_488_nm_Ex.bmp
WARNING:root:gs://octopi-tb-data/20221002/SP1+_2022-10-02_20-10-50.529345/0/6_1_0_BF_LED_matrix_left_half.bmp
WARNING:root:gs://octopi-tb-data/20221002/SP1+_2022-10-02_20-10-50.529345/0/6_1_0_BF_LED_matrix_right_half.bmp
WARNING:root:gs://octopi-tb-data/20221002/SP1+_2022-10-02_20-10-50.529345/0/6_1_0_Fluorescence_488_nm_Ex.bmp
WARNING:root:gs://octopi-tb-data/20221002/SP1+_2022-10-02_20-10-50.529345/0/6_2_0_BF_LED_matrix_left_half.bmp
WARNING:root:gs://octopi-tb-data/20221002/SP1+_2022-10-02_20-10-50.529345/0/6_2_0_BF_LED_matrix_right_half.bmp
WARNING:root:gs://octopi-tb-data/20221002/SP1+_2022-10-02_20-10-50.529345/0/6_2_0_Fluorescence_488_nm_Ex.bmp
WARNING:root:gs://octopi-tb-data/20221002/SP1+_2022-10-02_20-10-50.529345/0/6_3_0_BF_LED_matrix_left_half.bmp
WARNING:root:gs://octopi-tb-data/20221002/SP1+_2022-10-02_20-10-50.529345/0/6_3_0_BF_LED_matrix_right_half.bmp
WARNING:root:gs://octopi-tb-data/20221002/SP1+_2022-10-02_20-10-50.529345/0/6_3_0_Fluorescence_488_nm_Ex.bmp
WARNING:root:gs://octopi-tb-data/20221002/SP1+_2022-10-02_20-10-50.529345/0/6_4_0_BF_LED_matrix_left_half.bmp
WARNING:root:gs://octopi-tb-data/20221002/SP1+_2022-10-02_20-10-50.529345/0/6_4_0_BF_LED_matrix_right_half.bmp
WARNING:root:gs://octopi-tb-data/20221002/SP1+_2022-10-02_20-10-50.529345/0/6_4_0_Fluorescence_488_nm_Ex.bmp
WARNING:root:gs://octopi-tb-data/20221002/SP1+_2022-10-02_20-10-50.529345/0/6_5_0_BF_LED_matrix_left_half.bmp
WARNING:root:gs://octopi-tb-data/20221002/SP1+_2022-10-02_20-10-50.529345/0/6_5_0_BF_LED_matrix_right_half.bmp
WARNING:root:gs://octopi-tb-data/20221002/SP1+_2022-10-02_20-10-50.529345/0/6_5_0_Fluorescence_488_nm_Ex.bmp
WARNING:root:gs://octopi-tb-data/20221002/SP1+_2022-10-02_20-10-50.529345/0/6_6_0_BF_LED_matrix_left_half.bmp
WARNING:root:gs://octopi-tb-data/20221002/SP1+_2022-10-02_20-10-50.529345/0/6_6_0_BF_LED_matrix_right_half.bmp
WARNING:root:gs://octopi-tb-data/20221002/SP1+_2022-10-02_20-10-50.529345/0/6_6_0_Fluorescence_488_nm_Ex.bmp
WARNING:root:gs://octopi-tb-data/20221002/SP1+_2022-10-02_20-10-50.529345/0/6_7_0_BF_LED_matrix_left_half.bmp
WARNING:root:gs://octopi-tb-data/20221002/SP1+_2022-10-02_20-10-50.529345/0/6_7_0_BF_LED_matrix_right_half.bmp
WARNING:root:gs://octopi-tb-data/20221002/SP1+_2022-10-02_20-10-50.529345/0/6_7_0_Fluorescence_488_nm_Ex.bmp
WARNING:root:gs://octopi-tb-data/20221002/SP1+_2022-10-02_20-10-50.529345/0/6_8_0_BF_LED_matrix_left_half.bmp
WARNING:root:gs://octopi-tb-data/20221002/SP1+_2022-10-02_20-10-50.529345/0/6_8_0_BF_LED_matrix_right_half.bmp
WARNING:root:gs://octopi-tb-data/20221002/SP1+_2022-10-02_20-10-50.529345/0/6_8_0_Fluorescence_488_nm_Ex.bmp
WARNING:root:gs://octopi-tb-data/20221002/SP1+_2022-10-02_20-10-50.529345/0/6_9_0_BF_LED_matrix_left_half.bmp
WARNING:root:gs://octopi-tb-data/20221002/SP1+_2022-10-02_20-10-50.529345/0/6_9_0_BF_LED_matrix_right_half.bmp
WARNING:root:gs://octopi-tb-data/20221002/SP1+_2022-10-02_20-10-50.529345/0/6_9_0_Fluorescence_488_nm_Ex.bmp
WARNING:root:gs://octopi-tb-data/20221002/SP1+_2022-10-02_20-10-50.529345/0/6_10_0_BF_LED_matrix_left_half.bmp
WARNING:root:gs://octopi-tb-data/20221002/SP1+_2022-10-02_20-10-50.529345/0/6_10_0_BF_LED_matrix_right_half.bmp
WARNING:root:gs://octopi-tb-data/20221002/SP1+_2022-10-02_20-10-50.529345/0/6_10_0_Fluorescence_488_nm_Ex.bmp
WARNING:root:gs://octopi-tb-data/20221002/SP1+_2022-10-02_20-10-50.529345/0/6_11_0_BF_LED_matrix_left_half.bmp
WARNING:root:gs://octopi-tb-data/20221002/SP1+_2022-10-02_20-10-50.529345/0/6_11_0_BF_LED_matrix_right_half.bmp
WARNING:root:gs://octopi-tb-data/20221002/SP1+_2022-10-02_20-10-50.529345/0/6_11_0_Fluorescence_488_nm_Ex.bmp
WARNING:root:gs://octopi-tb-data/20221002/SP1+_2022-10-02_20-10-50.529345/0/6_12_0_BF_LED_matrix_left_half.bmp
WARNING:root:gs://octopi-tb-data/20221002/SP1+_2022-10-02_20-10-50.529345/0/6_12_0_BF_LED_matrix_right_half.bmp
WARNING:root:gs://octopi-tb-data/20221002/SP1+_2022-10-02_20-10-50.529345/0/6_12_0_Fluorescence_488_nm_Ex.bmp
WARNING:root:gs://octopi-tb-data/20221002/SP1+_2022-10-02_20-10-50.529345/0/6_13_0_BF_LED_matrix_left_half.bmp
WARNING:root:gs://octopi-tb-data/20221002/SP1+_2022-10-02_20-10-50.529345/0/6_13_0_BF_LED_matrix_right_half.bmp
WARNING:root:gs://octopi-tb-data/20221002/SP1+_2022-10-02_20-10-50.529345/0/6_13_0_Fluorescence_488_nm_Ex.bmp
WARNING:root:gs://octopi-tb-data/20221002/SP1+_2022-10-02_20-10-50.529345/0/6_14_0_BF_LED_matrix_left_half.bmp
WARNING:root:gs://octopi-tb-data/20221002/SP1+_2022-10-02_20-10-50.529345/0/6_14_0_BF_LED_matrix_right_half.bmp
WARNING:root:gs://octopi-tb-data/20221002/SP1+_2022-10-02_20-10-50.529345/0/6_14_0_Fluorescence_488_nm_Ex.bmp
WARNING:root:gs://octopi-tb-data/20221002/SP1+_2022-10-02_20-10-50.529345/0/6_15_0_BF_LED_matrix_left_half.bmp
WARNING:root:gs://octopi-tb-data/20221002/SP1+_2022-10-02_20-10-50.529345/0/6_15_0_BF_LED_matrix_right_half.bmp
WARNING:root:gs://octopi-tb-data/20221002/SP1+_2022-10-02_20-10-50.529345/0/6_15_0_Fluorescence_488_nm_Ex.bmp
WARNING:root:gs://octopi-tb-data/20221002/SP1+_2022-10-02_20-10-50.529345/0/6_16_0_BF_LED_matrix_left_half.bmp
WARNING:root:gs://octopi-tb-data/20221002/SP1+_2022-10-02_20-10-50.529345/0/6_16_0_BF_LED_matrix_right_half.bmp
WARNING:root:gs://octopi-tb-data/20221002/SP1+_2022-10-02_20-10-50.529345/0/6_16_0_Fluorescence_488_nm_Ex.bmp
WARNING:root:gs://octopi-tb-data/20221002/SP1+_2022-10-02_20-10-50.529345/0/6_17_0_BF_LED_matrix_left_half.bmp
WARNING:root:gs://octopi-tb-data/20221002/SP1+_2022-10-02_20-10-50.529345/0/6_17_0_BF_LED_matrix_right_half.bmp
WARNING:root:gs://octopi-tb-data/20221002/SP1+_2022-10-02_20-10-50.529345/0/6_17_0_Fluorescence_488_nm_Ex.bmp
WARNING:root:gs://octopi-tb-data/20221002/SP1+_2022-10-02_20-10-50.529345/0/6_18_0_BF_LED_matrix_left_half.bmp
WARNING:root:gs://octopi-tb-data/20221002/SP1+_2022-10-02_20-10-50.529345/0/6_18_0_BF_LED_matrix_right_half.bmp
WARNING:root:gs://octopi-tb-data/20221002/SP1+_2022-10-02_20-10-50.529345/0/6_18_0_Fluorescence_488_nm_Ex.bmp
WARNING:root:gs://octopi-tb-data/20221002/SP1+_2022-10-02_20-10-50.529345/0/7_0_0_BF_LED_matrix_left_half.bmp
WARNING:root:gs://octopi-tb-data/20221002/SP1+_2022-10-02_20-10-50.529345/0/7_0_0_BF_LED_matrix_right_half.bmp
WARNING:root:gs://octopi-tb-data/20221002/SP1+_2022-10-02_20-10-50.529345/0/7_0_0_Fluorescence_488_nm_Ex.bmp
WARNING:root:gs://octopi-tb-data/20221002/SP1+_2022-10-02_20-10-50.529345/0/7_1_0_BF_LED_matrix_left_half.bmp
WARNING:root:gs://octopi-tb-data/20221002/SP1+_2022-10-02_20-10-50.529345/0/7_1_0_BF_LED_matrix_right_half.bmp
WARNING:root:gs://octopi-tb-data/20221002/SP1+_2022-10-02_20-10-50.529345/0/7_1_0_Fluorescence_488_nm_Ex.bmp
WARNING:root:gs://octopi-tb-data/20221002/SP1+_2022-10-02_20-10-50.529345/0/7_2_0_BF_LED_matrix_left_half.bmp
WARNING:root:gs://octopi-tb-data/20221002/SP1+_2022-10-02_20-10-50.529345/0/7_2_0_BF_LED_matrix_right_half.bmp
WARNING:root:gs://octopi-tb-data/20221002/SP1+_2022-10-02_20-10-50.529345/0/7_2_0_Fluorescence_488_nm_Ex.bmp
WARNING:root:gs://octopi-tb-data/20221002/SP1+_2022-10-02_20-10-50.529345/0/7_3_0_BF_LED_matrix_left_half.bmp
WARNING:root:gs://octopi-tb-data/20221002/SP1+_2022-10-02_20-10-50.529345/0/7_3_0_BF_LED_matrix_right_half.bmp
WARNING:root:gs://octopi-tb-data/20221002/SP1+_2022-10-02_20-10-50.529345/0/7_3_0_Fluorescence_488_nm_Ex.bmp
WARNING:root:gs://octopi-tb-data/20221002/SP1+_2022-10-02_20-10-50.529345/0/7_4_0_BF_LED_matrix_left_half.bmp
WARNING:root:gs://octopi-tb-data/20221002/SP1+_2022-10-02_20-10-50.529345/0/7_4_0_BF_LED_matrix_right_half.bmp
WARNING:root:gs://octopi-tb-data/20221002/SP1+_2022-10-02_20-10-50.529345/0/7_4_0_Fluorescence_488_nm_Ex.bmp
WARNING:root:gs://octopi-tb-data/20221002/SP1+_2022-10-02_20-10-50.529345/0/7_5_0_BF_LED_matrix_left_half.bmp
WARNING:root:gs://octopi-tb-data/20221002/SP1+_2022-10-02_20-10-50.529345/0/7_5_0_BF_LED_matrix_right_half.bmp
WARNING:root:gs://octopi-tb-data/20221002/SP1+_2022-10-02_20-10-50.529345/0/7_5_0_Fluorescence_488_nm_Ex.bmp
WARNING:root:gs://octopi-tb-data/20221002/SP1+_2022-10-02_20-10-50.529345/0/7_6_0_BF_LED_matrix_left_half.bmp
WARNING:root:gs://octopi-tb-data/20221002/SP1+_2022-10-02_20-10-50.529345/0/7_6_0_BF_LED_matrix_right_half.bmp
WARNING:root:gs://octopi-tb-data/20221002/SP1+_2022-10-02_20-10-50.529345/0/7_6_0_Fluorescence_488_nm_Ex.bmp
WARNING:root:gs://octopi-tb-data/20221002/SP1+_2022-10-02_20-10-50.529345/0/7_7_0_BF_LED_matrix_left_half.bmp
WARNING:root:gs://octopi-tb-data/20221002/SP1+_2022-10-02_20-10-50.529345/0/7_7_0_BF_LED_matrix_right_half.bmp
WARNING:root:gs://octopi-tb-data/20221002/SP1+_2022-10-02_20-10-50.529345/0/7_7_0_Fluorescence_488_nm_Ex.bmp
WARNING:root:gs://octopi-tb-data/20221002/SP1+_2022-10-02_20-10-50.529345/0/7_8_0_BF_LED_matrix_left_half.bmp
WARNING:root:gs://octopi-tb-data/20221002/SP1+_2022-10-02_20-10-50.529345/0/7_8_0_BF_LED_matrix_right_half.bmp
WARNING:root:gs://octopi-tb-data/20221002/SP1+_2022-10-02_20-10-50.529345/0/7_8_0_Fluorescence_488_nm_Ex.bmp
WARNING:root:gs://octopi-tb-data/20221002/SP1+_2022-10-02_20-10-50.529345/0/7_9_0_BF_LED_matrix_left_half.bmp
WARNING:root:gs://octopi-tb-data/20221002/SP1+_2022-10-02_20-10-50.529345/0/7_9_0_BF_LED_matrix_right_half.bmp
WARNING:root:gs://octopi-tb-data/20221002/SP1+_2022-10-02_20-10-50.529345/0/7_9_0_Fluorescence_488_nm_Ex.bmp
WARNING:root:gs://octopi-tb-data/20221002/SP1+_2022-10-02_20-10-50.529345/0/7_10_0_BF_LED_matrix_left_half.bmp
WARNING:root:gs://octopi-tb-data/20221002/SP1+_2022-10-02_20-10-50.529345/0/7_10_0_BF_LED_matrix_right_half.bmp
WARNING:root:gs://octopi-tb-data/20221002/SP1+_2022-10-02_20-10-50.529345/0/7_10_0_Fluorescence_488_nm_Ex.bmp
WARNING:root:gs://octopi-tb-data/20221002/SP1+_2022-10-02_20-10-50.529345/0/7_11_0_BF_LED_matrix_left_half.bmp
WARNING:root:gs://octopi-tb-data/20221002/SP1+_2022-10-02_20-10-50.529345/0/7_11_0_BF_LED_matrix_right_half.bmp
WARNING:root:gs://octopi-tb-data/20221002/SP1+_2022-10-02_20-10-50.529345/0/7_11_0_Fluorescence_488_nm_Ex.bmp
WARNING:root:gs://octopi-tb-data/20221002/SP1+_2022-10-02_20-10-50.529345/0/7_12_0_BF_LED_matrix_left_half.bmp
WARNING:root:gs://octopi-tb-data/20221002/SP1+_2022-10-02_20-10-50.529345/0/7_12_0_BF_LED_matrix_right_half.bmp
WARNING:root:gs://octopi-tb-data/20221002/SP1+_2022-10-02_20-10-50.529345/0/7_12_0_Fluorescence_488_nm_Ex.bmp
WARNING:root:gs://octopi-tb-data/20221002/SP1+_2022-10-02_20-10-50.529345/0/7_13_0_BF_LED_matrix_left_half.bmp
WARNING:root:gs://octopi-tb-data/20221002/SP1+_2022-10-02_20-10-50.529345/0/7_13_0_BF_LED_matrix_right_half.bmp
WARNING:root:gs://octopi-tb-data/20221002/SP1+_2022-10-02_20-10-50.529345/0/7_13_0_Fluorescence_488_nm_Ex.bmp
WARNING:root:gs://octopi-tb-data/20221002/SP1+_2022-10-02_20-10-50.529345/0/7_14_0_BF_LED_matrix_left_half.bmp
WARNING:root:gs://octopi-tb-data/20221002/SP1+_2022-10-02_20-10-50.529345/0/7_14_0_BF_LED_matrix_right_half.bmp
WARNING:root:gs://octopi-tb-data/20221002/SP1+_2022-10-02_20-10-50.529345/0/7_14_0_Fluorescence_488_nm_Ex.bmp
WARNING:root:gs://octopi-tb-data/20221002/SP1+_2022-10-02_20-10-50.529345/0/7_15_0_BF_LED_matrix_left_half.bmp
WARNING:root:gs://octopi-tb-data/20221002/SP1+_2022-10-02_20-10-50.529345/0/7_15_0_BF_LED_matrix_right_half.bmp
WARNING:root:gs://octopi-tb-data/20221002/SP1+_2022-10-02_20-10-50.529345/0/7_15_0_Fluorescence_488_nm_Ex.bmp
WARNING:root:gs://octopi-tb-data/20221002/SP1+_2022-10-02_20-10-50.529345/0/7_16_0_BF_LED_matrix_left_half.bmp
WARNING:root:gs://octopi-tb-data/20221002/SP1+_2022-10-02_20-10-50.529345/0/7_16_0_BF_LED_matrix_right_half.bmp
WARNING:root:gs://octopi-tb-data/20221002/SP1+_2022-10-02_20-10-50.529345/0/7_16_0_Fluorescence_488_nm_Ex.bmp
WARNING:root:gs://octopi-tb-data/20221002/SP1+_2022-10-02_20-10-50.529345/0/7_17_0_BF_LED_matrix_left_half.bmp
WARNING:root:gs://octopi-tb-data/20221002/SP1+_2022-10-02_20-10-50.529345/0/7_17_0_BF_LED_matrix_right_half.bmp
WARNING:root:gs://octopi-tb-data/20221002/SP1+_2022-10-02_20-10-50.529345/0/7_17_0_Fluorescence_488_nm_Ex.bmp
WARNING:root:gs://octopi-tb-data/20221002/SP1+_2022-10-02_20-10-50.529345/0/7_18_0_BF_LED_matrix_left_half.bmp
WARNING:root:gs://octopi-tb-data/20221002/SP1+_2022-10-02_20-10-50.529345/0/7_18_0_BF_LED_matrix_right_half.bmp
WARNING:root:gs://octopi-tb-data/20221002/SP1+_2022-10-02_20-10-50.529345/0/7_18_0_Fluorescence_488_nm_Ex.bmp
WARNING:root:gs://octopi-tb-data/20221002/SP1+_2022-10-02_20-10-50.529345/0/8_0_0_BF_LED_matrix_left_half.bmp
WARNING:root:gs://octopi-tb-data/20221002/SP1+_2022-10-02_20-10-50.529345/0/8_0_0_BF_LED_matrix_right_half.bmp
WARNING:root:gs://octopi-tb-data/20221002/SP1+_2022-10-02_20-10-50.529345/0/8_0_0_Fluorescence_488_nm_Ex.bmp
WARNING:root:gs://octopi-tb-data/20221002/SP1+_2022-10-02_20-10-50.529345/0/8_1_0_BF_LED_matrix_left_half.bmp
WARNING:root:gs://octopi-tb-data/20221002/SP1+_2022-10-02_20-10-50.529345/0/8_1_0_BF_LED_matrix_right_half.bmp
WARNING:root:gs://octopi-tb-data/20221002/SP1+_2022-10-02_20-10-50.529345/0/8_1_0_Fluorescence_488_nm_Ex.bmp
WARNING:root:gs://octopi-tb-data/20221002/SP1+_2022-10-02_20-10-50.529345/0/8_2_0_BF_LED_matrix_left_half.bmp
WARNING:root:gs://octopi-tb-data/20221002/SP1+_2022-10-02_20-10-50.529345/0/8_2_0_BF_LED_matrix_right_half.bmp
WARNING:root:gs://octopi-tb-data/20221002/SP1+_2022-10-02_20-10-50.529345/0/8_2_0_Fluorescence_488_nm_Ex.bmp
WARNING:root:gs://octopi-tb-data/20221002/SP1+_2022-10-02_20-10-50.529345/0/8_3_0_BF_LED_matrix_left_half.bmp
WARNING:root:gs://octopi-tb-data/20221002/SP1+_2022-10-02_20-10-50.529345/0/8_3_0_BF_LED_matrix_right_half.bmp
WARNING:root:gs://octopi-tb-data/20221002/SP1+_2022-10-02_20-10-50.529345/0/8_3_0_Fluorescence_488_nm_Ex.bmp
WARNING:root:gs://octopi-tb-data/20221002/SP1+_2022-10-02_20-10-50.529345/0/8_4_0_BF_LED_matrix_left_half.bmp
WARNING:root:gs://octopi-tb-data/20221002/SP1+_2022-10-02_20-10-50.529345/0/8_4_0_BF_LED_matrix_right_half.bmp
WARNING:root:gs://octopi-tb-data/20221002/SP1+_2022-10-02_20-10-50.529345/0/8_4_0_Fluorescence_488_nm_Ex.bmp
WARNING:root:gs://octopi-tb-data/20221002/SP1+_2022-10-02_20-10-50.529345/0/8_5_0_BF_LED_matrix_left_half.bmp
WARNING:root:gs://octopi-tb-data/20221002/SP1+_2022-10-02_20-10-50.529345/0/8_5_0_BF_LED_matrix_right_half.bmp
WARNING:root:gs://octopi-tb-data/20221002/SP1+_2022-10-02_20-10-50.529345/0/8_5_0_Fluorescence_488_nm_Ex.bmp
WARNING:root:gs://octopi-tb-data/20221002/SP1+_2022-10-02_20-10-50.529345/0/8_6_0_BF_LED_matrix_left_half.bmp
WARNING:root:gs://octopi-tb-data/20221002/SP1+_2022-10-02_20-10-50.529345/0/8_6_0_BF_LED_matrix_right_half.bmp
WARNING:root:gs://octopi-tb-data/20221002/SP1+_2022-10-02_20-10-50.529345/0/8_6_0_Fluorescence_488_nm_Ex.bmp
WARNING:root:gs://octopi-tb-data/20221002/SP1+_2022-10-02_20-10-50.529345/0/8_7_0_BF_LED_matrix_left_half.bmp
WARNING:root:gs://octopi-tb-data/20221002/SP1+_2022-10-02_20-10-50.529345/0/8_7_0_BF_LED_matrix_right_half.bmp
WARNING:root:gs://octopi-tb-data/20221002/SP1+_2022-10-02_20-10-50.529345/0/8_7_0_Fluorescence_488_nm_Ex.bmp
WARNING:root:gs://octopi-tb-data/20221002/SP1+_2022-10-02_20-10-50.529345/0/8_8_0_BF_LED_matrix_left_half.bmp
WARNING:root:gs://octopi-tb-data/20221002/SP1+_2022-10-02_20-10-50.529345/0/8_8_0_BF_LED_matrix_right_half.bmp
WARNING:root:gs://octopi-tb-data/20221002/SP1+_2022-10-02_20-10-50.529345/0/8_8_0_Fluorescence_488_nm_Ex.bmp
WARNING:root:gs://octopi-tb-data/20221002/SP1+_2022-10-02_20-10-50.529345/0/8_9_0_BF_LED_matrix_left_half.bmp
WARNING:root:gs://octopi-tb-data/20221002/SP1+_2022-10-02_20-10-50.529345/0/8_9_0_BF_LED_matrix_right_half.bmp
WARNING:root:gs://octopi-tb-data/20221002/SP1+_2022-10-02_20-10-50.529345/0/8_9_0_Fluorescence_488_nm_Ex.bmp
WARNING:root:gs://octopi-tb-data/20221002/SP1+_2022-10-02_20-10-50.529345/0/8_10_0_BF_LED_matrix_left_half.bmp
WARNING:root:gs://octopi-tb-data/20221002/SP1+_2022-10-02_20-10-50.529345/0/8_10_0_BF_LED_matrix_right_half.bmp
WARNING:root:gs://octopi-tb-data/20221002/SP1+_2022-10-02_20-10-50.529345/0/8_10_0_Fluorescence_488_nm_Ex.bmp
WARNING:root:gs://octopi-tb-data/20221002/SP1+_2022-10-02_20-10-50.529345/0/8_11_0_BF_LED_matrix_left_half.bmp
WARNING:root:gs://octopi-tb-data/20221002/SP1+_2022-10-02_20-10-50.529345/0/8_11_0_BF_LED_matrix_right_half.bmp
WARNING:root:gs://octopi-tb-data/20221002/SP1+_2022-10-02_20-10-50.529345/0/8_11_0_Fluorescence_488_nm_Ex.bmp
WARNING:root:gs://octopi-tb-data/20221002/SP1+_2022-10-02_20-10-50.529345/0/8_12_0_BF_LED_matrix_left_half.bmp
WARNING:root:gs://octopi-tb-data/20221002/SP1+_2022-10-02_20-10-50.529345/0/8_12_0_BF_LED_matrix_right_half.bmp
WARNING:root:gs://octopi-tb-data/20221002/SP1+_2022-10-02_20-10-50.529345/0/8_12_0_Fluorescence_488_nm_Ex.bmp
WARNING:root:gs://octopi-tb-data/20221002/SP1+_2022-10-02_20-10-50.529345/0/8_13_0_BF_LED_matrix_left_half.bmp
WARNING:root:gs://octopi-tb-data/20221002/SP1+_2022-10-02_20-10-50.529345/0/8_13_0_BF_LED_matrix_right_half.bmp
WARNING:root:gs://octopi-tb-data/20221002/SP1+_2022-10-02_20-10-50.529345/0/8_13_0_Fluorescence_488_nm_Ex.bmp
WARNING:root:gs://octopi-tb-data/20221002/SP1+_2022-10-02_20-10-50.529345/0/8_14_0_BF_LED_matrix_left_half.bmp
WARNING:root:gs://octopi-tb-data/20221002/SP1+_2022-10-02_20-10-50.529345/0/8_14_0_BF_LED_matrix_right_half.bmp
WARNING:root:gs://octopi-tb-data/20221002/SP1+_2022-10-02_20-10-50.529345/0/8_14_0_Fluorescence_488_nm_Ex.bmp
WARNING:root:gs://octopi-tb-data/20221002/SP1+_2022-10-02_20-10-50.529345/0/8_15_0_BF_LED_matrix_left_half.bmp
WARNING:root:gs://octopi-tb-data/20221002/SP1+_2022-10-02_20-10-50.529345/0/8_15_0_BF_LED_matrix_right_half.bmp
WARNING:root:gs://octopi-tb-data/20221002/SP1+_2022-10-02_20-10-50.529345/0/8_15_0_Fluorescence_488_nm_Ex.bmp
WARNING:root:gs://octopi-tb-data/20221002/SP1+_2022-10-02_20-10-50.529345/0/8_16_0_BF_LED_matrix_left_half.bmp
WARNING:root:gs://octopi-tb-data/20221002/SP1+_2022-10-02_20-10-50.529345/0/8_16_0_BF_LED_matrix_right_half.bmp
WARNING:root:gs://octopi-tb-data/20221002/SP1+_2022-10-02_20-10-50.529345/0/8_16_0_Fluorescence_488_nm_Ex.bmp
WARNING:root:gs://octopi-tb-data/20221002/SP1+_2022-10-02_20-10-50.529345/0/8_17_0_BF_LED_matrix_left_half.bmp
WARNING:root:gs://octopi-tb-data/20221002/SP1+_2022-10-02_20-10-50.529345/0/8_17_0_BF_LED_matrix_right_half.bmp
WARNING:root:gs://octopi-tb-data/20221002/SP1+_2022-10-02_20-10-50.529345/0/8_17_0_Fluorescence_488_nm_Ex.bmp
WARNING:root:gs://octopi-tb-data/20221002/SP1+_2022-10-02_20-10-50.529345/0/8_18_0_BF_LED_matrix_left_half.bmp
WARNING:root:gs://octopi-tb-data/20221002/SP1+_2022-10-02_20-10-50.529345/0/8_18_0_BF_LED_matrix_right_half.bmp
WARNING:root:gs://octopi-tb-data/20221002/SP1+_2022-10-02_20-10-50.529345/0/8_18_0_Fluorescence_488_nm_Ex.bmp
WARNING:root:gs://octopi-tb-data/20221002/SP1+_2022-10-02_20-10-50.529345/0/9_0_0_BF_LED_matrix_left_half.bmp
WARNING:root:gs://octopi-tb-data/20221002/SP1+_2022-10-02_20-10-50.529345/0/9_0_0_BF_LED_matrix_right_half.bmp
WARNING:root:gs://octopi-tb-data/20221002/SP1+_2022-10-02_20-10-50.529345/0/9_0_0_Fluorescence_488_nm_Ex.bmp
WARNING:root:gs://octopi-tb-data/20221002/SP1+_2022-10-02_20-10-50.529345/0/9_1_0_BF_LED_matrix_left_half.bmp
WARNING:root:gs://octopi-tb-data/20221002/SP1+_2022-10-02_20-10-50.529345/0/9_1_0_BF_LED_matrix_right_half.bmp
WARNING:root:gs://octopi-tb-data/20221002/SP1+_2022-10-02_20-10-50.529345/0/9_1_0_Fluorescence_488_nm_Ex.bmp
WARNING:root:gs://octopi-tb-data/20221002/SP1+_2022-10-02_20-10-50.529345/0/9_2_0_BF_LED_matrix_left_half.bmp
WARNING:root:gs://octopi-tb-data/20221002/SP1+_2022-10-02_20-10-50.529345/0/9_2_0_BF_LED_matrix_right_half.bmp
WARNING:root:gs://octopi-tb-data/20221002/SP1+_2022-10-02_20-10-50.529345/0/9_2_0_Fluorescence_488_nm_Ex.bmp
WARNING:root:gs://octopi-tb-data/20221002/SP1+_2022-10-02_20-10-50.529345/0/9_3_0_BF_LED_matrix_left_half.bmp
WARNING:root:gs://octopi-tb-data/20221002/SP1+_2022-10-02_20-10-50.529345/0/9_3_0_BF_LED_matrix_right_half.bmp
WARNING:root:gs://octopi-tb-data/20221002/SP1+_2022-10-02_20-10-50.529345/0/9_3_0_Fluorescence_488_nm_Ex.bmp
WARNING:root:gs://octopi-tb-data/20221002/SP1+_2022-10-02_20-10-50.529345/0/9_4_0_BF_LED_matrix_left_half.bmp
WARNING:root:gs://octopi-tb-data/20221002/SP1+_2022-10-02_20-10-50.529345/0/9_4_0_BF_LED_matrix_right_half.bmp
WARNING:root:gs://octopi-tb-data/20221002/SP1+_2022-10-02_20-10-50.529345/0/9_4_0_Fluorescence_488_nm_Ex.bmp
WARNING:root:gs://octopi-tb-data/20221002/SP1+_2022-10-02_20-10-50.529345/0/9_5_0_BF_LED_matrix_left_half.bmp
WARNING:root:gs://octopi-tb-data/20221002/SP1+_2022-10-02_20-10-50.529345/0/9_5_0_BF_LED_matrix_right_half.bmp
WARNING:root:gs://octopi-tb-data/20221002/SP1+_2022-10-02_20-10-50.529345/0/9_5_0_Fluorescence_488_nm_Ex.bmp
WARNING:root:gs://octopi-tb-data/20221002/SP1+_2022-10-02_20-10-50.529345/0/9_6_0_BF_LED_matrix_left_half.bmp
WARNING:root:gs://octopi-tb-data/20221002/SP1+_2022-10-02_20-10-50.529345/0/9_6_0_BF_LED_matrix_right_half.bmp
WARNING:root:gs://octopi-tb-data/20221002/SP1+_2022-10-02_20-10-50.529345/0/9_6_0_Fluorescence_488_nm_Ex.bmp
WARNING:root:gs://octopi-tb-data/20221002/SP1+_2022-10-02_20-10-50.529345/0/9_7_0_BF_LED_matrix_left_half.bmp
WARNING:root:gs://octopi-tb-data/20221002/SP1+_2022-10-02_20-10-50.529345/0/9_7_0_BF_LED_matrix_right_half.bmp
WARNING:root:gs://octopi-tb-data/20221002/SP1+_2022-10-02_20-10-50.529345/0/9_7_0_Fluorescence_488_nm_Ex.bmp
WARNING:root:gs://octopi-tb-data/20221002/SP1+_2022-10-02_20-10-50.529345/0/9_8_0_BF_LED_matrix_left_half.bmp
WARNING:root:gs://octopi-tb-data/20221002/SP1+_2022-10-02_20-10-50.529345/0/9_8_0_BF_LED_matrix_right_half.bmp
WARNING:root:gs://octopi-tb-data/20221002/SP1+_2022-10-02_20-10-50.529345/0/9_8_0_Fluorescence_488_nm_Ex.bmp
WARNING:root:gs://octopi-tb-data/20221002/SP1+_2022-10-02_20-10-50.529345/0/9_9_0_BF_LED_matrix_left_half.bmp
WARNING:root:gs://octopi-tb-data/20221002/SP1+_2022-10-02_20-10-50.529345/0/9_9_0_BF_LED_matrix_right_half.bmp
WARNING:root:gs://octopi-tb-data/20221002/SP1+_2022-10-02_20-10-50.529345/0/9_9_0_Fluorescence_488_nm_Ex.bmp
WARNING:root:gs://octopi-tb-data/20221002/SP1+_2022-10-02_20-10-50.529345/0/9_10_0_BF_LED_matrix_left_half.bmp
WARNING:root:gs://octopi-tb-data/20221002/SP1+_2022-10-02_20-10-50.529345/0/9_10_0_BF_LED_matrix_right_half.bmp
WARNING:root:gs://octopi-tb-data/20221002/SP1+_2022-10-02_20-10-50.529345/0/9_10_0_Fluorescence_488_nm_Ex.bmp
WARNING:root:gs://octopi-tb-data/20221002/SP1+_2022-10-02_20-10-50.529345/0/9_11_0_BF_LED_matrix_left_half.bmp
WARNING:root:gs://octopi-tb-data/20221002/SP1+_2022-10-02_20-10-50.529345/0/9_11_0_BF_LED_matrix_right_half.bmp
WARNING:root:gs://octopi-tb-data/20221002/SP1+_2022-10-02_20-10-50.529345/0/9_11_0_Fluorescence_488_nm_Ex.bmp
WARNING:root:gs://octopi-tb-data/20221002/SP1+_2022-10-02_20-10-50.529345/0/9_12_0_BF_LED_matrix_left_half.bmp
WARNING:root:gs://octopi-tb-data/20221002/SP1+_2022-10-02_20-10-50.529345/0/9_12_0_BF_LED_matrix_right_half.bmp
WARNING:root:gs://octopi-tb-data/20221002/SP1+_2022-10-02_20-10-50.529345/0/9_12_0_Fluorescence_488_nm_Ex.bmp
WARNING:root:gs://octopi-tb-data/20221002/SP1+_2022-10-02_20-10-50.529345/0/9_13_0_BF_LED_matrix_left_half.bmp
WARNING:root:gs://octopi-tb-data/20221002/SP1+_2022-10-02_20-10-50.529345/0/9_13_0_BF_LED_matrix_right_half.bmp
WARNING:root:gs://octopi-tb-data/20221002/SP1+_2022-10-02_20-10-50.529345/0/9_13_0_Fluorescence_488_nm_Ex.bmp
WARNING:root:gs://octopi-tb-data/20221002/SP1+_2022-10-02_20-10-50.529345/0/9_14_0_BF_LED_matrix_left_half.bmp
WARNING:root:gs://octopi-tb-data/20221002/SP1+_2022-10-02_20-10-50.529345/0/9_14_0_BF_LED_matrix_right_half.bmp
WARNING:root:gs://octopi-tb-data/20221002/SP1+_2022-10-02_20-10-50.529345/0/9_14_0_Fluorescence_488_nm_Ex.bmp
WARNING:root:gs://octopi-tb-data/20221002/SP1+_2022-10-02_20-10-50.529345/0/9_15_0_BF_LED_matrix_left_half.bmp
WARNING:root:gs://octopi-tb-data/20221002/SP1+_2022-10-02_20-10-50.529345/0/9_15_0_BF_LED_matrix_right_half.bmp
WARNING:root:gs://octopi-tb-data/20221002/SP1+_2022-10-02_20-10-50.529345/0/9_15_0_Fluorescence_488_nm_Ex.bmp
WARNING:root:gs://octopi-tb-data/20221002/SP1+_2022-10-02_20-10-50.529345/0/9_16_0_BF_LED_matrix_left_half.bmp
WARNING:root:gs://octopi-tb-data/20221002/SP1+_2022-10-02_20-10-50.529345/0/9_16_0_BF_LED_matrix_right_half.bmp
WARNING:root:gs://octopi-tb-data/20221002/SP1+_2022-10-02_20-10-50.529345/0/9_16_0_Fluorescence_488_nm_Ex.bmp
WARNING:root:gs://octopi-tb-data/20221002/SP1+_2022-10-02_20-10-50.529345/0/9_17_0_BF_LED_matrix_left_half.bmp
WARNING:root:gs://octopi-tb-data/20221002/SP1+_2022-10-02_20-10-50.529345/0/9_17_0_BF_LED_matrix_right_half.bmp
WARNING:root:gs://octopi-tb-data/20221002/SP1+_2022-10-02_20-10-50.529345/0/9_17_0_Fluorescence_488_nm_Ex.bmp
WARNING:root:gs://octopi-tb-data/20221002/SP1+_2022-10-02_20-10-50.529345/0/9_18_0_BF_LED_matrix_left_half.bmp
WARNING:root:gs://octopi-tb-data/20221002/SP1+_2022-10-02_20-10-50.529345/0/9_18_0_BF_LED_matrix_right_half.bmp
WARNING:root:gs://octopi-tb-data/20221002/SP1+_2022-10-02_20-10-50.529345/0/9_18_0_Fluorescence_488_nm_Ex.bmp
WARNING:root:gs://octopi-tb-data/20221002/SP1+_2022-10-02_20-10-50.529345/0/10_0_0_BF_LED_matrix_left_half.bmp
WARNING:root:gs://octopi-tb-data/20221002/SP1+_2022-10-02_20-10-50.529345/0/10_0_0_BF_LED_matrix_right_half.bmp
WARNING:root:gs://octopi-tb-data/20221002/SP1+_2022-10-02_20-10-50.529345/0/10_0_0_Fluorescence_488_nm_Ex.bmp
WARNING:root:gs://octopi-tb-data/20221002/SP1+_2022-10-02_20-10-50.529345/0/10_1_0_BF_LED_matrix_left_half.bmp
WARNING:root:gs://octopi-tb-data/20221002/SP1+_2022-10-02_20-10-50.529345/0/10_1_0_BF_LED_matrix_right_half.bmp
WARNING:root:gs://octopi-tb-data/20221002/SP1+_2022-10-02_20-10-50.529345/0/10_1_0_Fluorescence_488_nm_Ex.bmp
WARNING:root:gs://octopi-tb-data/20221002/SP1+_2022-10-02_20-10-50.529345/0/10_2_0_BF_LED_matrix_left_half.bmp
WARNING:root:gs://octopi-tb-data/20221002/SP1+_2022-10-02_20-10-50.529345/0/10_2_0_BF_LED_matrix_right_half.bmp
WARNING:root:gs://octopi-tb-data/20221002/SP1+_2022-10-02_20-10-50.529345/0/10_2_0_Fluorescence_488_nm_Ex.bmp
WARNING:root:gs://octopi-tb-data/20221002/SP1+_2022-10-02_20-10-50.529345/0/10_3_0_BF_LED_matrix_left_half.bmp
WARNING:root:gs://octopi-tb-data/20221002/SP1+_2022-10-02_20-10-50.529345/0/10_3_0_BF_LED_matrix_right_half.bmp
WARNING:root:gs://octopi-tb-data/20221002/SP1+_2022-10-02_20-10-50.529345/0/10_3_0_Fluorescence_488_nm_Ex.bmp
WARNING:root:gs://octopi-tb-data/20221002/SP1+_2022-10-02_20-10-50.529345/0/10_4_0_BF_LED_matrix_left_half.bmp
WARNING:root:gs://octopi-tb-data/20221002/SP1+_2022-10-02_20-10-50.529345/0/10_4_0_BF_LED_matrix_right_half.bmp
WARNING:root:gs://octopi-tb-data/20221002/SP1+_2022-10-02_20-10-50.529345/0/10_4_0_Fluorescence_488_nm_Ex.bmp
WARNING:root:gs://octopi-tb-data/20221002/SP1+_2022-10-02_20-10-50.529345/0/10_5_0_BF_LED_matrix_left_half.bmp
WARNING:root:gs://octopi-tb-data/20221002/SP1+_2022-10-02_20-10-50.529345/0/10_5_0_BF_LED_matrix_right_half.bmp
WARNING:root:gs://octopi-tb-data/20221002/SP1+_2022-10-02_20-10-50.529345/0/10_5_0_Fluorescence_488_nm_Ex.bmp
WARNING:root:gs://octopi-tb-data/20221002/SP1+_2022-10-02_20-10-50.529345/0/10_6_0_BF_LED_matrix_left_half.bmp
WARNING:root:gs://octopi-tb-data/20221002/SP1+_2022-10-02_20-10-50.529345/0/10_6_0_BF_LED_matrix_right_half.bmp
WARNING:root:gs://octopi-tb-data/20221002/SP1+_2022-10-02_20-10-50.529345/0/10_6_0_Fluorescence_488_nm_Ex.bmp
WARNING:root:gs://octopi-tb-data/20221002/SP1+_2022-10-02_20-10-50.529345/0/10_7_0_BF_LED_matrix_left_half.bmp
WARNING:root:gs://octopi-tb-data/20221002/SP1+_2022-10-02_20-10-50.529345/0/10_7_0_BF_LED_matrix_right_half.bmp
WARNING:root:gs://octopi-tb-data/20221002/SP1+_2022-10-02_20-10-50.529345/0/10_7_0_Fluorescence_488_nm_Ex.bmp
WARNING:root:gs://octopi-tb-data/20221002/SP1+_2022-10-02_20-10-50.529345/0/10_8_0_BF_LED_matrix_left_half.bmp
WARNING:root:gs://octopi-tb-data/20221002/SP1+_2022-10-02_20-10-50.529345/0/10_8_0_BF_LED_matrix_right_half.bmp
WARNING:root:gs://octopi-tb-data/20221002/SP1+_2022-10-02_20-10-50.529345/0/10_8_0_Fluorescence_488_nm_Ex.bmp
WARNING:root:gs://octopi-tb-data/20221002/SP1+_2022-10-02_20-10-50.529345/0/10_9_0_BF_LED_matrix_left_half.bmp
WARNING:root:gs://octopi-tb-data/20221002/SP1+_2022-10-02_20-10-50.529345/0/10_9_0_BF_LED_matrix_right_half.bmp
WARNING:root:gs://octopi-tb-data/20221002/SP1+_2022-10-02_20-10-50.529345/0/10_9_0_Fluorescence_488_nm_Ex.bmp
WARNING:root:gs://octopi-tb-data/20221002/SP1+_2022-10-02_20-10-50.529345/0/10_10_0_BF_LED_matrix_left_half.bmp
WARNING:root:gs://octopi-tb-data/20221002/SP1+_2022-10-02_20-10-50.529345/0/10_10_0_BF_LED_matrix_right_half.bmp
WARNING:root:gs://octopi-tb-data/20221002/SP1+_2022-10-02_20-10-50.529345/0/10_10_0_Fluorescence_488_nm_Ex.bmp
WARNING:root:gs://octopi-tb-data/20221002/SP1+_2022-10-02_20-10-50.529345/0/10_11_0_BF_LED_matrix_left_half.bmp
WARNING:root:gs://octopi-tb-data/20221002/SP1+_2022-10-02_20-10-50.529345/0/10_11_0_BF_LED_matrix_right_half.bmp
WARNING:root:gs://octopi-tb-data/20221002/SP1+_2022-10-02_20-10-50.529345/0/10_11_0_Fluorescence_488_nm_Ex.bmp
WARNING:root:gs://octopi-tb-data/20221002/SP1+_2022-10-02_20-10-50.529345/0/10_12_0_BF_LED_matrix_left_half.bmp
WARNING:root:gs://octopi-tb-data/20221002/SP1+_2022-10-02_20-10-50.529345/0/10_12_0_BF_LED_matrix_right_half.bmp
WARNING:root:gs://octopi-tb-data/20221002/SP1+_2022-10-02_20-10-50.529345/0/10_12_0_Fluorescence_488_nm_Ex.bmp
WARNING:root:gs://octopi-tb-data/20221002/SP1+_2022-10-02_20-10-50.529345/0/10_13_0_BF_LED_matrix_left_half.bmp
WARNING:root:gs://octopi-tb-data/20221002/SP1+_2022-10-02_20-10-50.529345/0/10_13_0_BF_LED_matrix_right_half.bmp
WARNING:root:gs://octopi-tb-data/20221002/SP1+_2022-10-02_20-10-50.529345/0/10_13_0_Fluorescence_488_nm_Ex.bmp
WARNING:root:gs://octopi-tb-data/20221002/SP1+_2022-10-02_20-10-50.529345/0/10_14_0_BF_LED_matrix_left_half.bmp
WARNING:root:gs://octopi-tb-data/20221002/SP1+_2022-10-02_20-10-50.529345/0/10_14_0_BF_LED_matrix_right_half.bmp
WARNING:root:gs://octopi-tb-data/20221002/SP1+_2022-10-02_20-10-50.529345/0/10_14_0_Fluorescence_488_nm_Ex.bmp
WARNING:root:gs://octopi-tb-data/20221002/SP1+_2022-10-02_20-10-50.529345/0/10_15_0_BF_LED_matrix_left_half.bmp
WARNING:root:gs://octopi-tb-data/20221002/SP1+_2022-10-02_20-10-50.529345/0/10_15_0_BF_LED_matrix_right_half.bmp
WARNING:root:gs://octopi-tb-data/20221002/SP1+_2022-10-02_20-10-50.529345/0/10_15_0_Fluorescence_488_nm_Ex.bmp
WARNING:root:gs://octopi-tb-data/20221002/SP1+_2022-10-02_20-10-50.529345/0/10_16_0_BF_LED_matrix_left_half.bmp
WARNING:root:gs://octopi-tb-data/20221002/SP1+_2022-10-02_20-10-50.529345/0/10_16_0_BF_LED_matrix_right_half.bmp
WARNING:root:gs://octopi-tb-data/20221002/SP1+_2022-10-02_20-10-50.529345/0/10_16_0_Fluorescence_488_nm_Ex.bmp
WARNING:cellpose.dynamics:WARNING: no mask pixels found
WARNING:cellpose.dynamics:WARNING: no mask pixels found
WARNING:cellpose.dynamics:WARNING: no mask pixels found
WARNING:cellpose.dynamics:WARNING: no mask pixels found
WARNING:cellpose.dynamics:WARNING: no mask pixels found
WARNING:cellpose.dynamics:WARNING: no mask pixels found
WARNING:cellpose.dynamics:WARNING: no mask pixels found
WARNING:cellpose.dynamics:WARNING: no mask pixels found
WARNING:cellpose.dynamics:WARNING: no mask pixels found
WARNING:cellpose.dynamics:WARNING: no mask pixels found
WARNING:cellpose.dynamics:WARNING: no mask pixels found
WARNING:cellpose.dynamics:WARNING: no mask pixels found
WARNING:cellpose.dynamics:WARNING: no mask pixels found
WARNING:cellpose.dynamics:WARNING: no mask pixels found
WARNING:cellpose.dynamics:WARNING: no mask pixels found
WARNING:cellpose.dynamics:WARNING: no mask pixels found
WARNING:cellpose.dynamics:WARNING: no mask pixels found
WARNING:cellpose.dynamics:WARNING: no mask pixels found
WARNING:cellpose.dynamics:WARNING: no mask pixels found
WARNING:cellpose.dynamics:WARNING: no mask pixels found
WARNING:cellpose.dynamics:WARNING: no mask pixels found
WARNING:cellpose.dynamics:WARNING: no mask pixels found
WARNING:cellpose.dynamics:WARNING: no mask pixels found
WARNING:cellpose.dynamics:WARNING: no mask pixels found
WARNING:cellpose.dynamics:WARNING: no mask pixels found
WARNING:cellpose.dynamics:WARNING: no mask pixels found
WARNING:cellpose.dynamics:WARNING: no mask pixels found
WARNING:cellpose.dynamics:WARNING: no mask pixels found
WARNING:cellpose.dynamics:WARNING: no mask pixels found
WARNING:cellpose.dynamics:WARNING: no mask pixels found
WARNING:cellpose.dynamics:WARNING: no mask pixels found
WARNING:cellpose.dynamics:WARNING: no mask pixels found
WARNING:cellpose.dynamics:WARNING: no mask pixels found
WARNING:cellpose.dynamics:WARNING: no mask pixels found
WARNING:cellpose.dynamics:WARNING: no mask pixels found
WARNING:cellpose.dynamics:WARNING: no mask pixels found
WARNING:cellpose.dynamics:WARNING: no mask pixels found
WARNING:cellpose.dynamics:WARNING: no mask pixels found
WARNING:cellpose.dynamics:WARNING: no mask pixels found
WARNING:cellpose.dynamics:WARNING: no mask pixels found
WARNING:cellpose.dynamics:WARNING: no mask pixels found
WARNING:cellpose.dynamics:WARNING: no mask pixels found
WARNING:cellpose.dynamics:WARNING: no mask pixels found
WARNING:cellpose.dynamics:WARNING: no mask pixels found
WARNING:cellpose.dynamics:WARNING: no mask pixels found
WARNING:cellpose.dynamics:WARNING: no mask pixels found
WARNING:cellpose.dynamics:WARNING: no mask pixels found
WARNING:cellpose.dynamics:WARNING: no mask pixels found
WARNING:cellpose.dynamics:WARNING: no mask pixels found
WARNING:cellpose.dynamics:WARNING: no mask pixels found
WARNING:cellpose.dynamics:WARNING: no mask pixels found
WARNING:cellpose.dynamics:WARNING: no mask pixels found
WARNING:cellpose.dynamics:WARNING: no mask pixels found
WARNING:cellpose.dynamics:WARNING: no mask pixels found
WARNING:cellpose.dynamics:WARNING: no mask pixels found
WARNING:cellpose.dynamics:WARNING: no mask pixels found
WARNING:cellpose.dynamics:WARNING: no mask pixels found
WARNING:cellpose.dynamics:WARNING: no mask pixels found
WARNING:cellpose.dynamics:WARNING: no mask pixels found
WARNING:cellpose.dynamics:WARNING: no mask pixels found
WARNING:cellpose.dynamics:WARNING: no mask pixels found
WARNING:cellpose.dynamics:WARNING: no mask pixels found
WARNING:cellpose.dynamics:WARNING: no mask pixels found
WARNING:cellpose.dynamics:WARNING: no mask pixels found
WARNING:cellpose.dynamics:WARNING: no mask pixels found
WARNING:cellpose.dynamics:WARNING: no mask pixels found
WARNING:cellpose.dynamics:WARNING: no mask pixels found
WARNING:cellpose.dynamics:WARNING: no mask pixels found
WARNING:cellpose.dynamics:WARNING: no mask pixels found
WARNING:cellpose.dynamics:WARNING: no mask pixels found
WARNING:cellpose.dynamics:WARNING: no mask pixels found
WARNING:cellpose.dynamics:WARNING: no mask pixels found
WARNING:cellpose.dynamics:WARNING: no mask pixels found
WARNING:cellpose.dynamics:WARNING: no mask pixels found
WARNING:cellpose.dynamics:WARNING: no mask pixels found
